#
# There is insufficient memory for the Java Runtime Environment to continue.
# Native memory allocation (mmap) failed to map 266338304 bytes. Error detail: G1 virtual space
# Possible reasons:
#   The system is out of physical RAM or swap space
#   This process is running with CompressedOops enabled, and the Java Heap may be blocking the growth of the native heap
# Possible solutions:
#   Reduce memory load on the system
#   Increase physical memory or swap space
#   Check if swap backing store is full
#   Decrease Java heap size (-Xmx/-Xms)
#   Decrease number of Java threads
#   Decrease Java thread stack sizes (-Xss)
#   Set larger code cache with -XX:ReservedCodeCacheSize=
#   JVM is running with Zero Based Compressed Oops mode in which the Java heap is
#     placed in the first 32GB address space. The Java Heap base address is the
#     maximum limit for the native heap growth. Please use -XX:HeapBaseMinAddress
#     to set the Java Heap base and to place the Java Heap above 32GB virtual address.
# This output file may be truncated or incomplete.
#
#  Out of Memory Error (os_windows.cpp:3825), pid=9268, tid=16588
#
# JRE version:  (17.0.11+1) (build )
# Java VM: OpenJDK 64-Bit Server VM (17.0.11+1-b1207.24, mixed mode, sharing, tiered, compressed oops, compressed class ptrs, g1 gc, windows-amd64)
# No core dump will be written. Minidumps are not enabled by default on client versions of Windows
#

---------------  S U M M A R Y ------------

Command Line: git4idea.http.GitAskPassApp Username for 'https://github.com': 

Host: Intel(R) Core(TM) i3-6100U CPU @ 2.30GHz, 4 cores, 15G,  Windows 10 , 64 bit Build 19041 (10.0.19041.4597)
Time: Wed Aug 28 22:15:15 2024 Hora de verano de Cuba elapsed time: 0.052900 seconds (0d 0h 0m 0s)

---------------  T H R E A D  ---------------

Current thread (0x000001ceed671830):  JavaThread "Unknown thread" [_thread_in_vm, id=16588, stack(0x0000006e2ac00000,0x0000006e2ad00000)]

Stack: [0x0000006e2ac00000,0x0000006e2ad00000]
Native frames: (J=compiled Java code, j=interpreted, Vv=VM code, C=native code)
V  [jvm.dll+0x6877f9]
V  [jvm.dll+0x8411aa]
V  [jvm.dll+0x842e2e]
V  [jvm.dll+0x843493]
V  [jvm.dll+0x249fdf]
V  [jvm.dll+0x6845c9]
V  [jvm.dll+0x678e7a]
V  [jvm.dll+0x30ab4b]
V  [jvm.dll+0x311ff6]
V  [jvm.dll+0x361a5e]
V  [jvm.dll+0x361c8f]
V  [jvm.dll+0x2e0978]
V  [jvm.dll+0x2e18e4]
V  [jvm.dll+0x811c71]
V  [jvm.dll+0x36f7c8]
V  [jvm.dll+0x7f05f6]
V  [jvm.dll+0x3f398f]
V  [jvm.dll+0x3f5541]
C  [jli.dll+0x528f]
C  [ucrtbase.dll+0x21bb2]
C  [KERNEL32.DLL+0x17374]
C  [ntdll.dll+0x4cc91]


---------------  P R O C E S S  ---------------

Threads class SMR info:
_java_thread_list=0x00007ffb65beefd8, length=0, elements={
}

Java Threads: ( => current thread )

Other Threads:
  0x000001ceed6da850 GCTaskThread "GC Thread#0" [stack: 0x0000006e2ad00000,0x0000006e2ae00000] [id=3392]
  0x000001ceed6eb3f0 ConcurrentGCThread "G1 Main Marker" [stack: 0x0000006e2ae00000,0x0000006e2af00000] [id=11564]
  0x000001ceed6ec4c0 ConcurrentGCThread "G1 Conc#0" [stack: 0x0000006e2af00000,0x0000006e2b000000] [id=21284]

[error occurred during error reporting (printing all threads), id 0xc0000005, EXCEPTION_ACCESS_VIOLATION (0xc0000005) at pc=0x00007ffb653a1547]

VM state: not at safepoint (not fully initialized)

VM Mutex/Monitor currently owned by a thread:  ([mutex/lock_event])
[0x000001ceed66bdf0] Heap_lock - owner thread: 0x000001ceed671830

Heap address: 0x0000000702c00000, size: 4052 MB, Compressed Oops mode: Zero based, Oop shift amount: 3

CDS archive(s) mapped at: [0x0000000000000000-0x0000000000000000-0x0000000000000000), size 0, SharedBaseAddress: 0x0000000800000000, ArchiveRelocationMode: 1.
Narrow klass base: 0x0000000000000000, Narrow klass shift: 0, Narrow klass range: 0x0

GC Precious Log:
<Empty>

Heap:
 garbage-first heap   total 0K, used 0K [0x0000000702c00000, 0x0000000800000000)
  region size 2048K, 0 young (0K), 0 survivors (0K)
 Metaspace       used 0K, committed 0K, reserved 0K
  class space    used 0K, committed 0K, reserved 0K

Heap Regions: E=young(eden), S=young(survivor), O=old, HS=humongous(starts), HC=humongous(continues), CS=collection set, F=free, OA=open archive, CA=closed archive, TAMS=top-at-mark-start (previous, next)

Card table byte_map: [0x000001ce807f0000,0x000001ce80fe0000] _byte_map_base: 0x000001ce7cfda000

Marking Bits (Prev, Next): (CMBitMap*) 0x000001ceed6dad80, (CMBitMap*) 0x000001ceed6dadc0
 Prev Bits: [0x000001ce817d0000, 0x000001ce85720000)
 Next Bits: [0x000001ce85720000, 0x000001ce89670000)

GC Heap History (0 events):
No events

Dll operation events (1 events):
Event: 0.012 Loaded shared library C:\Program Files\JetBrains\IntelliJ IDEA Community Edition 2024.1.4\jbr\bin\java.dll

Deoptimization events (0 events):
No events

Classes unloaded (0 events):
No events

Classes redefined (0 events):
No events

Internal exceptions (0 events):
No events

VM Operations (0 events):
No events

Events (0 events):
No events


Dynamic libraries:
0x00007ff78d870000 - 0x00007ff78d87a000 	C:\Program Files\JetBrains\IntelliJ IDEA Community Edition 2024.1.4\jbr\bin\java.exe
0x00007ffbb1150000 - 0x00007ffbb1348000 	C:\Windows\SYSTEM32\ntdll.dll
0x00007ffbb0f20000 - 0x00007ffbb0fe1000 	C:\Windows\System32\KERNEL32.DLL
0x00007ffbae800000 - 0x00007ffbaeaf6000 	C:\Windows\System32\KERNELBASE.dll
0x00007ffbaef30000 - 0x00007ffbaf030000 	C:\Windows\System32\ucrtbase.dll
0x00007ffba8410000 - 0x00007ffba8427000 	C:\Program Files\JetBrains\IntelliJ IDEA Community Edition 2024.1.4\jbr\bin\jli.dll
0x00007ffb74940000 - 0x00007ffb7495b000 	C:\Program Files\JetBrains\IntelliJ IDEA Community Edition 2024.1.4\jbr\bin\VCRUNTIME140.dll
0x00007ffbb03d0000 - 0x00007ffbb056f000 	C:\Windows\System32\USER32.dll
0x00007ffbaeba0000 - 0x00007ffbaebc2000 	C:\Windows\System32\win32u.dll
0x00007ffb8fa60000 - 0x00007ffb8fcfa000 	C:\Windows\WinSxS\amd64_microsoft.windows.common-controls_6595b64144ccf1df_6.0.19041.4355_none_60b8b9eb71f62e16\COMCTL32.dll
0x00007ffbaf1e0000 - 0x00007ffbaf20b000 	C:\Windows\System32\GDI32.dll
0x00007ffbb0570000 - 0x00007ffbb060e000 	C:\Windows\System32\msvcrt.dll
0x00007ffbaebd0000 - 0x00007ffbaece7000 	C:\Windows\System32\gdi32full.dll
0x00007ffbaeb00000 - 0x00007ffbaeb9d000 	C:\Windows\System32\msvcp_win.dll
0x00007ffbaf640000 - 0x00007ffbaf66f000 	C:\Windows\System32\IMM32.DLL
0x00007ffb9e930000 - 0x00007ffb9e93c000 	C:\Program Files\JetBrains\IntelliJ IDEA Community Edition 2024.1.4\jbr\bin\vcruntime140_1.dll
0x00007ffb70060000 - 0x00007ffb700ed000 	C:\Program Files\JetBrains\IntelliJ IDEA Community Edition 2024.1.4\jbr\bin\msvcp140.dll
0x00007ffb650b0000 - 0x00007ffb65d33000 	C:\Program Files\JetBrains\IntelliJ IDEA Community Edition 2024.1.4\jbr\bin\server\jvm.dll
0x00007ffbaf210000 - 0x00007ffbaf2c0000 	C:\Windows\System32\ADVAPI32.dll
0x00007ffbb0610000 - 0x00007ffbb06b0000 	C:\Windows\System32\sechost.dll
0x00007ffbb0cb0000 - 0x00007ffbb0dd3000 	C:\Windows\System32\RPCRT4.dll
0x00007ffbaeda0000 - 0x00007ffbaedc7000 	C:\Windows\System32\bcrypt.dll
0x00007ffb9a4c0000 - 0x00007ffb9a4c9000 	C:\Windows\SYSTEM32\WSOCK32.dll
0x00007ffbae270000 - 0x00007ffbae2bb000 	C:\Windows\SYSTEM32\POWRPROF.dll
0x00007ffbafbf0000 - 0x00007ffbafc5b000 	C:\Windows\System32\WS2_32.dll
0x00007ffb8ce40000 - 0x00007ffb8ce67000 	C:\Windows\SYSTEM32\WINMM.dll
0x00007ffb9f1d0000 - 0x00007ffb9f1da000 	C:\Windows\SYSTEM32\VERSION.dll
0x00007ffbae1e0000 - 0x00007ffbae1f2000 	C:\Windows\SYSTEM32\UMPDC.dll
0x00007ffbac680000 - 0x00007ffbac692000 	C:\Windows\SYSTEM32\kernel.appcore.dll
0x00007ffbab430000 - 0x00007ffbab43a000 	C:\Program Files\JetBrains\IntelliJ IDEA Community Edition 2024.1.4\jbr\bin\jimage.dll
0x00007ffb9f710000 - 0x00007ffb9f8f4000 	C:\Windows\SYSTEM32\DBGHELP.DLL
0x00007ffba0350000 - 0x00007ffba0384000 	C:\Windows\SYSTEM32\dbgcore.DLL
0x00007ffbaf0f0000 - 0x00007ffbaf172000 	C:\Windows\System32\bcryptPrimitives.dll
0x00007ffb9fb00000 - 0x00007ffb9fb25000 	C:\Program Files\JetBrains\IntelliJ IDEA Community Edition 2024.1.4\jbr\bin\java.dll

dbghelp: loaded successfully - version: 4.0.5 - missing functions: none
symbol engine: initialized successfully - sym options: 0x614 - pdb path: .;C:\Program Files\JetBrains\IntelliJ IDEA Community Edition 2024.1.4\jbr\bin;C:\Windows\SYSTEM32;C:\Windows\WinSxS\amd64_microsoft.windows.common-controls_6595b64144ccf1df_6.0.19041.4355_none_60b8b9eb71f62e16;C:\Program Files\JetBrains\IntelliJ IDEA Community Edition 2024.1.4\jbr\bin\server

VM Arguments:
java_command: git4idea.http.GitAskPassApp Username for 'https://github.com': 
java_class_path (initial): C:/Program Files/JetBrains/IntelliJ IDEA Community Edition 2024.1.4/plugins/vcs-git/lib/git4idea-rt.jar;C:/Program Files/JetBrains/IntelliJ IDEA Community Edition 2024.1.4/lib/externalProcess-rt.jar
Launcher Type: SUN_STANDARD

[Global flags]
     intx CICompilerCount                          = 3                                         {product} {ergonomic}
     uint ConcGCThreads                            = 1                                         {product} {ergonomic}
     uint G1ConcRefinementThreads                  = 4                                         {product} {ergonomic}
   size_t G1HeapRegionSize                         = 2097152                                   {product} {ergonomic}
    uintx GCDrainStackTargetSize                   = 64                                        {product} {ergonomic}
   size_t InitialHeapSize                          = 266338304                                 {product} {ergonomic}
   size_t MarkStackSize                            = 4194304                                   {product} {ergonomic}
   size_t MaxHeapSize                              = 4248829952                                {product} {ergonomic}
   size_t MinHeapDeltaBytes                        = 2097152                                   {product} {ergonomic}
   size_t MinHeapSize                              = 8388608                                   {product} {ergonomic}
    uintx NonNMethodCodeHeapSize                   = 5832780                                {pd product} {ergonomic}
    uintx NonProfiledCodeHeapSize                  = 122912730                              {pd product} {ergonomic}
    uintx ProfiledCodeHeapSize                     = 122912730                              {pd product} {ergonomic}
    uintx ReservedCodeCacheSize                    = 251658240                              {pd product} {ergonomic}
     bool SegmentedCodeCache                       = true                                      {product} {ergonomic}
   size_t SoftMaxHeapSize                          = 4248829952                             {manageable} {ergonomic}
     bool UseCompressedClassPointers               = true                           {product lp64_product} {ergonomic}
     bool UseCompressedOops                        = true                           {product lp64_product} {ergonomic}
     bool UseG1GC                                  = true                                      {product} {ergonomic}
     bool UseLargePagesIndividualAllocation        = false                                  {pd product} {ergonomic}

Logging:
Log output configuration:
 #0: stdout all=warning uptime,level,tags
 #1: stderr all=off uptime,level,tags

Environment Variables:
PATH=C:\Program Files\Git\mingw64\libexec\git-core;C:\Program Files\Git\mingw64\libexec\git-core;C:\Program Files\Git\mingw64\bin;C:\Program Files\Git\usr\bin;C:\Users\Leisder\bin;C:\ProgramData\Oracle\Java\javapath;C:\Program Files\Common Files\Oracle\Java\javapath;C:\Windows\system32;C:\Windows;C:\Windows\System32\Wbem;C:\Windows\System32\WindowsPowerShell\v1.0;C:\Windows\System32\OpenSSH;C:\Program Files\MATLAB\R2022b\runtime\win64;C:\Program Files\MATLAB\R2022b\bin;C:\Program Files\dotnet;C:\Program Files\Git\cmd;C:\Users\Leisder\AppData\Local\Programs\Python\Launcher;C:\Users\Leisder\AppData\Local\Microsoft\WindowsApps;C:\Users\Leisder\AppData\Local\Programs\Microsoft VS Code\bin;C:\Users\Leisder\.dotnet\tools;C:\Users\Leisder\AppData\Local\GitHubDesktop\bin;C:\Users\Leisder\AppData\Local\Programs\Python\Python312;C:\Users\Leisder\AppData\Local\Packages\PythonSoftwareFoundation.Python.3.12_qbz5n2kfra8p0\LocalCache\local-packages\Python312\Scripts
USERNAME=Leisder
DISPLAY=:0.0
LC_ALL=en_US.UTF-8
TERM=xterm-256color
TMPDIR=C:\Users\Leisder\AppData\Local\Temp
OS=Windows_NT
PROCESSOR_IDENTIFIER=Intel64 Family 6 Model 78 Stepping 3, GenuineIntel
TMP=C:\Users\Leisder\AppData\Local\Temp
TEMP=C:\Users\Leisder\AppData\Local\Temp



Periodic native trim disabled

JNI global refs:
JNI global refs: 0, weak refs: 0

JNI global refs memory usage: 0, weak refs: 0

Process memory usage:
Resident Set Size: 10836K (0% of 16592896K total physical memory with 4792252K free physical memory)

OOME stack traces (most recent first):
Classloader memory used:


---------------  S Y S T E M  ---------------

OS:
 Windows 10 , 64 bit Build 19041 (10.0.19041.4597)
OS uptime: 10 days 19:00 hours

CPU: total 4 (initial active 4) (2 cores per cpu, 2 threads per core) family 6 model 78 stepping 3 microcode 0xcc, cx8, cmov, fxsr, ht, mmx, 3dnowpref, sse, sse2, sse3, ssse3, sse4.1, sse4.2, popcnt, lzcnt, tsc, tscinvbit, avx, avx2, aes, erms, clmul, bmi1, bmi2, rtm, adx, fma, vzeroupper, clflush, clflushopt
Processor Information for all 4 processors :
  Max Mhz: 2301, Current Mhz: 2300, Mhz Limit: 2277

Memory: 4k page, system-wide physical 16204M (4679M free)
TotalPageFile size 41131M (AvailPageFile size 256M)
current process WorkingSet (physical memory assigned to process): 10M, peak: 10M
current process commit charge ("private bytes"): 52M, peak: 305M

vm_info: OpenJDK 64-Bit Server VM (17.0.11+1-b1207.24) for windows-amd64 JRE (17.0.11+1-b1207.24), built on 2024-05-15 by "builduser" with MS VC++ 16.10 / 16.11 (VS2019)

END.
