#
# There is insufficient memory for the Java Runtime Environment to continue.
# Native memory allocation (mmap) failed to map 4161536 bytes. Error detail: G1 virtual space
# Possible reasons:
#   The system is out of physical RAM or swap space
#   This process is running with CompressedOops enabled, and the Java Heap may be blocking the growth of the native heap
# Possible solutions:
#   Reduce memory load on the system
#   Increase physical memory or swap space
#   Check if swap backing store is full
#   Decrease Java heap size (-Xmx/-Xms)
#   Decrease number of Java threads
#   Decrease Java thread stack sizes (-Xss)
#   Set larger code cache with -XX:ReservedCodeCacheSize=
#   JVM is running with Zero Based Compressed Oops mode in which the Java heap is
#     placed in the first 32GB address space. The Java Heap base address is the
#     maximum limit for the native heap growth. Please use -XX:HeapBaseMinAddress
#     to set the Java Heap base and to place the Java Heap above 32GB virtual address.
# This output file may be truncated or incomplete.
#
#  Out of Memory Error (os_windows.cpp:3631), pid=23188, tid=11440
#
# JRE version:  (22.0+36) (build )
# Java VM: Java HotSpot(TM) 64-Bit Server VM (22+36-2370, mixed mode, sharing, tiered, compressed oops, compressed class ptrs, g1 gc, windows-amd64)
# No core dump will be written. Minidumps are not enabled by default on client versions of Windows
#

---------------  S U M M A R Y ------------

Command Line: -agentlib:jdwp=transport=dt_socket,address=127.0.0.1:4180,suspend=y,server=n -javaagent:C:\Users\Leisder\AppData\Local\JetBrains\IdeaIC2024.1\captureAgent\debugger-agent.jar -Dfile.encoding=UTF-8 -Dsun.stdout.encoding=UTF-8 -Dsun.stderr.encoding=UTF-8 App

Host: Intel(R) Core(TM) i3-6100U CPU @ 2.30GHz, 4 cores, 15G,  Windows 10 , 64 bit Build 19041 (10.0.19041.4597)
Time: Tue Aug 27 15:15:08 2024 Hora de verano de Cuba elapsed time: 0.060299 seconds (0d 0h 0m 0s)

---------------  T H R E A D  ---------------

Current thread (0x000001ff2700d010):  JavaThread "Unknown thread" [_thread_in_vm, id=11440, stack(0x000000c02c500000,0x000000c02c600000) (1024K)]

Stack: [0x000000c02c500000,0x000000c02c600000]
Native frames: (J=compiled Java code, j=interpreted, Vv=VM code, C=native code)
V  [jvm.dll+0x6e2349]  (no source info available)
V  [jvm.dll+0x874ed3]  (no source info available)
V  [jvm.dll+0x8772fe]  (no source info available)
V  [jvm.dll+0x8779d3]  (no source info available)
V  [jvm.dll+0x27fcb6]  (no source info available)
V  [jvm.dll+0x6de9e5]  (no source info available)
V  [jvm.dll+0x6d34ea]  (no source info available)
V  [jvm.dll+0x35892a]  (no source info available)
V  [jvm.dll+0x360e56]  (no source info available)
V  [jvm.dll+0x3b3d93]  (no source info available)
V  [jvm.dll+0x3b4028]  (no source info available)
V  [jvm.dll+0x32c4ec]  (no source info available)
V  [jvm.dll+0x32d0a8]  (no source info available)
V  [jvm.dll+0x83cd9c]  (no source info available)
V  [jvm.dll+0x3c0cc1]  (no source info available)
V  [jvm.dll+0x825d8c]  (no source info available)
V  [jvm.dll+0x45b9ee]  (no source info available)
V  [jvm.dll+0x45d871]  (no source info available)
C  [jli.dll+0x52a3]  (no source info available)
C  [ucrtbase.dll+0x21bb2]  (no source info available)
C  [KERNEL32.DLL+0x17374]  (no source info available)
C  [ntdll.dll+0x4cc91]  (no source info available)


---------------  P R O C E S S  ---------------

Threads class SMR info:
_java_thread_list=0x00007ffb6709c1c8, length=0, elements={
}

Java Threads: ( => current thread )
Total: 0

Other Threads:
  0x000001ff27074ba0 WorkerThread "GC Thread#0"                     [id=20648, stack(0x000000c02c600000,0x000000c02c700000) (1024K)]
  0x000001ff270869a0 ConcurrentGCThread "G1 Main Marker"            [id=20520, stack(0x000000c02c700000,0x000000c02c800000) (1024K)]
  0x000001ff2708a930 WorkerThread "G1 Conc#0"                       [id=8056, stack(0x000000c02c800000,0x000000c02c900000) (1024K)]

[error occurred during error reporting (printing all threads), id 0xc0000005, EXCEPTION_ACCESS_VIOLATION (0xc0000005) at pc=0x00007ffb667ef2b7]
VM state: not at safepoint (not fully initialized)

VM Mutex/Monitor currently owned by a thread:  ([mutex/lock_event])
[0x00007ffb6711ccc8] Heap_lock - owner thread: 0x000001ff2700d010

Heap address: 0x0000000702c00000, size: 4052 MB, Compressed Oops mode: Zero based, Oop shift amount: 3

CDS archive(s) mapped at: [0x0000000000000000-0x0000000000000000-0x0000000000000000), size 0, SharedBaseAddress: 0x0000000800000000, ArchiveRelocationMode: 1.
Narrow klass base: 0x0000000000000000, Narrow klass shift: 0, Narrow klass range: 0x0

GC Precious Log:
 CardTable entry size: 512
 Card Set container configuration: InlinePtr #cards 4 size 8 Array Of Cards #cards 16 size 48 Howl #buckets 8 coarsen threshold 3686 Howl Bitmap #cards 512 size 80 coarsen threshold 460 Card regions per heap region 1 cards per card region 4096

Heap:
 garbage-first heap   total reserved 4149248K, committed 0K, used 0K [0x0000000702c00000, 0x0000000800000000)
  region size 2048K, 0 young (0K), 0 survivors (0K)

[error occurred during error reporting (printing heap information), id 0xc0000005, EXCEPTION_ACCESS_VIOLATION (0xc0000005) at pc=0x00007ffb66bee4e9]
GC Heap History (0 events):
No events

Dll operation events (2 events):
Event: 0.049 Loaded shared library C:\Program Files\Java\jdk-22\bin\java.dll
Event: 0.051 Loaded shared library C:\Program Files\Java\jdk-22\bin\zip.dll

Deoptimization events (0 events):
No events

Classes loaded (0 events):
No events

Classes unloaded (0 events):
No events

Classes redefined (0 events):
No events

Internal exceptions (0 events):
No events

ZGC Phase Switch (0 events):
No events

VM Operations (0 events):
No events

Events (0 events):
No events


Dynamic libraries:
0x00007ff7af790000 - 0x00007ff7af7a0000 	C:\Program Files\Java\jdk-22\bin\java.exe
0x00007ffbb1150000 - 0x00007ffbb1348000 	C:\Windows\SYSTEM32\ntdll.dll
0x00007ffbb0f20000 - 0x00007ffbb0fe1000 	C:\Windows\System32\KERNEL32.DLL
0x00007ffbae800000 - 0x00007ffbaeaf6000 	C:\Windows\System32\KERNELBASE.dll
0x00007ffbaef30000 - 0x00007ffbaf030000 	C:\Windows\System32\ucrtbase.dll
0x00007ffbabe80000 - 0x00007ffbabe97000 	C:\Program Files\Java\jdk-22\bin\jli.dll
0x00007ffbab3f0000 - 0x00007ffbab40b000 	C:\Program Files\Java\jdk-22\bin\VCRUNTIME140.dll
0x00007ffbaf210000 - 0x00007ffbaf2c0000 	C:\Windows\System32\ADVAPI32.dll
0x00007ffbb0570000 - 0x00007ffbb060e000 	C:\Windows\System32\msvcrt.dll
0x00007ffbb0610000 - 0x00007ffbb06b0000 	C:\Windows\System32\sechost.dll
0x00007ffbb0cb0000 - 0x00007ffbb0dd3000 	C:\Windows\System32\RPCRT4.dll
0x00007ffbaeda0000 - 0x00007ffbaedc7000 	C:\Windows\System32\bcrypt.dll
0x00007ffbb03d0000 - 0x00007ffbb056f000 	C:\Windows\System32\USER32.dll
0x00007ffbaeba0000 - 0x00007ffbaebc2000 	C:\Windows\System32\win32u.dll
0x00007ffb8fa60000 - 0x00007ffb8fcfa000 	C:\Windows\WinSxS\amd64_microsoft.windows.common-controls_6595b64144ccf1df_6.0.19041.4355_none_60b8b9eb71f62e16\COMCTL32.dll
0x00007ffbaf1e0000 - 0x00007ffbaf20b000 	C:\Windows\System32\GDI32.dll
0x00007ffbaebd0000 - 0x00007ffbaece7000 	C:\Windows\System32\gdi32full.dll
0x00007ffbaeb00000 - 0x00007ffbaeb9d000 	C:\Windows\System32\msvcp_win.dll
0x00007ffb9f1d0000 - 0x00007ffb9f1da000 	C:\Windows\SYSTEM32\VERSION.dll
0x00007ffbaf640000 - 0x00007ffbaf66f000 	C:\Windows\System32\IMM32.DLL
0x00007ffbabe60000 - 0x00007ffbabe6c000 	C:\Program Files\Java\jdk-22\bin\vcruntime140_1.dll
0x00007ffb9e990000 - 0x00007ffb9ea1e000 	C:\Program Files\Java\jdk-22\bin\msvcp140.dll
0x00007ffb664b0000 - 0x00007ffb671f8000 	C:\Program Files\Java\jdk-22\bin\server\jvm.dll
0x00007ffbafbf0000 - 0x00007ffbafc5b000 	C:\Windows\System32\WS2_32.dll
0x00007ffbae270000 - 0x00007ffbae2bb000 	C:\Windows\SYSTEM32\POWRPROF.dll
0x00007ffb8ce40000 - 0x00007ffb8ce67000 	C:\Windows\SYSTEM32\WINMM.dll
0x00007ffbae1e0000 - 0x00007ffbae1f2000 	C:\Windows\SYSTEM32\UMPDC.dll
0x00007ffbac680000 - 0x00007ffbac692000 	C:\Windows\SYSTEM32\kernel.appcore.dll
0x00007ffbab420000 - 0x00007ffbab42a000 	C:\Program Files\Java\jdk-22\bin\jimage.dll
0x00007ffb9f710000 - 0x00007ffb9f8f4000 	C:\Windows\SYSTEM32\DBGHELP.DLL
0x00007ffba0350000 - 0x00007ffba0384000 	C:\Windows\SYSTEM32\dbgcore.DLL
0x00007ffbaf0f0000 - 0x00007ffbaf172000 	C:\Windows\System32\bcryptPrimitives.dll
0x00007ffba7cc0000 - 0x00007ffba7cfc000 	C:\Program Files\Java\jdk-22\bin\jdwp.dll
0x00007ffbab3e0000 - 0x00007ffbab3ef000 	C:\Program Files\Java\jdk-22\bin\instrument.dll
0x00007ffba7bc0000 - 0x00007ffba7bde000 	C:\Program Files\Java\jdk-22\bin\java.dll
0x00007ffbafc60000 - 0x00007ffbb03cc000 	C:\Windows\System32\SHELL32.dll
0x00007ffbb0b80000 - 0x00007ffbb0cab000 	C:\Windows\System32\ole32.dll
0x00007ffbaf2c0000 - 0x00007ffbaf613000 	C:\Windows\System32\combase.dll
0x00007ffb9fda0000 - 0x00007ffb9fdb7000 	C:\Program Files\Java\jdk-22\bin\zip.dll

dbghelp: loaded successfully - version: 4.0.5 - missing functions: none
symbol engine: initialized successfully - sym options: 0x614 - pdb path: .;C:\Program Files\Java\jdk-22\bin;C:\Windows\SYSTEM32;C:\Windows\WinSxS\amd64_microsoft.windows.common-controls_6595b64144ccf1df_6.0.19041.4355_none_60b8b9eb71f62e16;C:\Program Files\Java\jdk-22\bin\server

VM Arguments:
jvm_args: -agentlib:jdwp=transport=dt_socket,address=127.0.0.1:4180,suspend=y,server=n -javaagent:C:\Users\Leisder\AppData\Local\JetBrains\IdeaIC2024.1\captureAgent\debugger-agent.jar -Dfile.encoding=UTF-8 -Dsun.stdout.encoding=UTF-8 -Dsun.stderr.encoding=UTF-8 
java_command: App
java_class_path (initial): E:\Escuela de Leyder\Carrera Informática\2do año\2do Semestre\Bases de Datos(BSD)\Trabajo de Curso\RefugioVSC\out\production\RefugioVSC;E:\Escuela de Leyder\Carrera Informática\2do año\2do Semestre\Bases de Datos(BSD)\Trabajo de Curso\RefugioVSC\lib\itext-4.2.1.jar;E:\Escuela de Leyder\Carrera Informática\2do año\2do Semestre\Bases de Datos(BSD)\Trabajo de Curso\RefugioVSC\lib\jcalendar-1.4.jar;E:\Escuela de Leyder\Carrera Informática\2do año\2do Semestre\Bases de Datos(BSD)\Trabajo de Curso\RefugioVSC\lib\postgresql-42.7.3.jar;E:\Escuela de Leyder\Carrera Informática\2do año\2do Semestre\Bases de Datos(BSD)\Trabajo de Curso\RefugioVSC\lib\commons-digester-2.1.jar;E:\Escuela de Leyder\Carrera Informática\2do año\2do Semestre\Bases de Datos(BSD)\Trabajo de Curso\RefugioVSC\lib\jasperreports-6.21.3.jar;E:\Escuela de Leyder\Carrera Informática\2do año\2do Semestre\Bases de Datos(BSD)\Trabajo de Curso\RefugioVSC\lib\commons-logging-1.3.3.jar;E:\Escuela de Leyder\Carrera Informática\2do año\2do Semestre\Bases de Datos(BSD)\Trabajo de Curso\RefugioVSC\lib\commons-collections4-4.5.0-M2.jar;C:\Program Files\JetBrains\IntelliJ IDEA Community Edition 2024.1.4\lib\idea_rt.jar
Launcher Type: SUN_STANDARD

[Global flags]
     intx CICompilerCount                          = 3                                         {product} {ergonomic}
     uint ConcGCThreads                            = 1                                         {product} {ergonomic}
     uint G1ConcRefinementThreads                  = 4                                         {product} {ergonomic}
   size_t G1HeapRegionSize                         = 2097152                                   {product} {ergonomic}
   size_t InitialHeapSize                          = 266338304                                 {product} {ergonomic}
   size_t MarkStackSize                            = 4194304                                   {product} {ergonomic}
   size_t MaxHeapSize                              = 4248829952                                {product} {ergonomic}
   size_t MinHeapDeltaBytes                        = 2097152                                   {product} {ergonomic}
   size_t MinHeapSize                              = 8388608                                   {product} {ergonomic}
    uintx NonNMethodCodeHeapSize                   = 5832780                                {pd product} {ergonomic}
    uintx NonProfiledCodeHeapSize                  = 122912730                              {pd product} {ergonomic}
    uintx ProfiledCodeHeapSize                     = 122912730                              {pd product} {ergonomic}
    uintx ReservedCodeCacheSize                    = 251658240                              {pd product} {ergonomic}
     bool SegmentedCodeCache                       = true                                      {product} {ergonomic}
   size_t SoftMaxHeapSize                          = 4248829952                             {manageable} {ergonomic}
     bool UseCompressedOops                        = true                           {product lp64_product} {ergonomic}
     bool UseG1GC                                  = true                                      {product} {ergonomic}
     bool UseLargePagesIndividualAllocation        = false                                  {pd product} {ergonomic}

Logging:
Log output configuration:
 #0: stdout all=warning uptime,level,tags foldmultilines=false
 #1: stderr all=off uptime,level,tags foldmultilines=false

Environment Variables:
PATH=C:\ProgramData\Oracle\Java\javapath;C:\Program Files\Common Files\Oracle\Java\javapath;C:\Windows\system32;C:\Windows;C:\Windows\System32\Wbem;C:\Windows\System32\WindowsPowerShell\v1.0\;C:\Windows\System32\OpenSSH\;C:\Program Files\MATLAB\R2022b\runtime\win64;C:\Program Files\MATLAB\R2022b\bin;C:\Program Files\dotnet\;C:\Program Files\Git\cmd;C:\Users\Leisder\AppData\Local\Programs\Python\Launcher\;C:\Users\Leisder\AppData\Local\Microsoft\WindowsApps;C:\Users\Leisder\AppData\Local\Programs\Microsoft VS Code\bin;C:\Users\Leisder\.dotnet\tools;C:\Users\Leisder\AppData\Local\GitHubDesktop\bin;C:\Users\Leisder\AppData\Local\Programs\Python\Python312;C:\Users\Leisder\AppData\Local\Packages\PythonSoftwareFoundation.Python.3.12_qbz5n2kfra8p0\LocalCache\local-packages\Python312\Scripts
USERNAME=Leisder
OS=Windows_NT
PROCESSOR_IDENTIFIER=Intel64 Family 6 Model 78 Stepping 3, GenuineIntel
TMP=C:\Users\Leisder\AppData\Local\Temp
TEMP=C:\Users\Leisder\AppData\Local\Temp




Periodic native trim disabled

---------------  S Y S T E M  ---------------

OS:
 Windows 10 , 64 bit Build 19041 (10.0.19041.4597)
OS uptime: 9 days 12:00 hours

CPU: total 4 (initial active 4) (2 cores per cpu, 2 threads per core) family 6 model 78 stepping 3 microcode 0xcc, cx8, cmov, fxsr, ht, mmx, 3dnowpref, sse, sse2, sse3, ssse3, sse4.1, sse4.2, popcnt, lzcnt, tsc, tscinvbit, avx, avx2, aes, erms, clmul, bmi1, bmi2, rtm, adx, fma, vzeroupper, clflush, clflushopt, rdtscp, f16c
Processor Information for all 4 processors :
  Max Mhz: 2301, Current Mhz: 2300, Mhz Limit: 2277

Memory: 4k page, system-wide physical 16204M (4280M free)
TotalPageFile size 41131M (AvailPageFile size 4M)
current process WorkingSet (physical memory assigned to process): 12M, peak: 12M
current process commit charge ("private bytes"): 307M, peak: 310M

vm_info: Java HotSpot(TM) 64-Bit Server VM (22+36-2370) for windows-amd64 JRE (22+36-2370), built on 2024-02-15T22:15:19Z by "mach5one" with MS VC++ 17.6 (VS2022)

END.
