#
# There is insufficient memory for the Java Runtime Environment to continue.
# Native memory allocation (malloc) failed to allocate 862416 bytes. Error detail: Chunk::new
# Possible reasons:
#   The system is out of physical RAM or swap space
#   This process is running with CompressedOops enabled, and the Java Heap may be blocking the growth of the native heap
# Possible solutions:
#   Reduce memory load on the system
#   Increase physical memory or swap space
#   Check if swap backing store is full
#   Decrease Java heap size (-Xmx/-Xms)
#   Decrease number of Java threads
#   Decrease Java thread stack sizes (-Xss)
#   Set larger code cache with -XX:ReservedCodeCacheSize=
#   JVM is running with Zero Based Compressed Oops mode in which the Java heap is
#     placed in the first 32GB address space. The Java Heap base address is the
#     maximum limit for the native heap growth. Please use -XX:HeapBaseMinAddress
#     to set the Java Heap base and to place the Java Heap above 32GB virtual address.
# This output file may be truncated or incomplete.
#
#  Out of Memory Error (arena.cpp:150), pid=18820, tid=2488
#
# JRE version: Java(TM) SE Runtime Environment (22.0+36) (build 22+36-2370)
# Java VM: Java HotSpot(TM) 64-Bit Server VM (22+36-2370, mixed mode, sharing, tiered, compressed oops, compressed class ptrs, g1 gc, windows-amd64)
# No core dump will be written. Minidumps are not enabled by default on client versions of Windows
#

---------------  S U M M A R Y ------------

Command Line: -javaagent:C:\Program Files\JetBrains\IntelliJ IDEA Community Edition 2024.1.4\lib\idea_rt.jar=2539:C:\Program Files\JetBrains\IntelliJ IDEA Community Edition 2024.1.4\bin -Dfile.encoding=UTF-8 -Dsun.stdout.encoding=UTF-8 -Dsun.stderr.encoding=UTF-8 App

Host: Intel(R) Core(TM) i3-6100U CPU @ 2.30GHz, 4 cores, 15G,  Windows 10 , 64 bit Build 19041 (10.0.19041.4597)
Time: Wed Aug 28 21:48:31 2024 Hora de verano de Cuba elapsed time: 1.523424 seconds (0d 0h 0m 1s)

---------------  T H R E A D  ---------------

Current thread (0x00000205d452dfe0):  JavaThread "C2 CompilerThread1" daemon [_thread_in_native, id=2488, stack(0x000000dbf3800000,0x000000dbf3900000) (1024K)]


Current CompileTask:
C2:1523 1150 % !   4       com.sun.crypto.provider.PBKDF2KeyImpl::deriveKey @ 198 (302 bytes)

Stack: [0x000000dbf3800000,0x000000dbf3900000]
Native frames: (J=compiled Java code, j=interpreted, Vv=VM code, C=native code)
V  [jvm.dll+0x6e2349]  (no source info available)
V  [jvm.dll+0x874ed3]  (no source info available)
V  [jvm.dll+0x8772fe]  (no source info available)
V  [jvm.dll+0x8779d3]  (no source info available)
V  [jvm.dll+0x27fcb6]  (no source info available)
V  [jvm.dll+0xc3d0f]  (no source info available)
V  [jvm.dll+0xc3f6b]  (no source info available)
V  [jvm.dll+0x2f3b6f]  (no source info available)
V  [jvm.dll+0x60bd8a]  (no source info available)
V  [jvm.dll+0x2499d6]  (no source info available)
V  [jvm.dll+0x246eb6]  (no source info available)
V  [jvm.dll+0x1c4e90]  (no source info available)
V  [jvm.dll+0x25699e]  (no source info available)
V  [jvm.dll+0x254c5a]  (no source info available)
V  [jvm.dll+0x3f5426]  (no source info available)
V  [jvm.dll+0x81d50b]  (no source info available)
V  [jvm.dll+0x6e09e5]  (no source info available)
C  [ucrtbase.dll+0x21bb2]  (no source info available)
C  [KERNEL32.DLL+0x17374]  (no source info available)
C  [ntdll.dll+0x4cc91]  (no source info available)


---------------  P R O C E S S  ---------------

Threads class SMR info:
_java_thread_list=0x00000205d639bb60, length=16, elements={
0x00000205eb852080, 0x00000205fd052b60, 0x00000205fd054a90, 0x00000205fd068cd0,
0x00000205fd06bc40, 0x00000205fd06c6a0, 0x00000205fd06f470, 0x00000205fd0759b0,
0x00000205fd076460, 0x00000205fd024f90, 0x00000205d4392920, 0x00000205d4392f90,
0x00000205d44838a0, 0x00000205d44858b0, 0x00000205d452dfe0, 0x00000205d6235cb0
}

Java Threads: ( => current thread )
  0x00000205eb852080 JavaThread "main"                              [_thread_in_vm, id=7048, stack(0x000000dbf2200000,0x000000dbf2300000) (1024K)]
  0x00000205fd052b60 JavaThread "Reference Handler"          daemon [_thread_blocked, id=23296, stack(0x000000dbf2a00000,0x000000dbf2b00000) (1024K)]
  0x00000205fd054a90 JavaThread "Finalizer"                  daemon [_thread_blocked, id=12964, stack(0x000000dbf2b00000,0x000000dbf2c00000) (1024K)]
  0x00000205fd068cd0 JavaThread "Signal Dispatcher"          daemon [_thread_blocked, id=11368, stack(0x000000dbf2c00000,0x000000dbf2d00000) (1024K)]
  0x00000205fd06bc40 JavaThread "Attach Listener"            daemon [_thread_blocked, id=4380, stack(0x000000dbf2d00000,0x000000dbf2e00000) (1024K)]
  0x00000205fd06c6a0 JavaThread "Service Thread"             daemon [_thread_blocked, id=11604, stack(0x000000dbf2e00000,0x000000dbf2f00000) (1024K)]
  0x00000205fd06f470 JavaThread "Monitor Deflation Thread"   daemon [_thread_blocked, id=7680, stack(0x000000dbf2f00000,0x000000dbf3000000) (1024K)]
  0x00000205fd0759b0 JavaThread "C2 CompilerThread0"         daemon [_thread_blocked, id=5728, stack(0x000000dbf3000000,0x000000dbf3100000) (1024K)]
  0x00000205fd076460 JavaThread "C1 CompilerThread0"         daemon [_thread_blocked, id=15600, stack(0x000000dbf3100000,0x000000dbf3200000) (1024K)]
  0x00000205fd024f90 JavaThread "Common-Cleaner"             daemon [_thread_blocked, id=5460, stack(0x000000dbf3200000,0x000000dbf3300000) (1024K)]
  0x00000205d4392920 JavaThread "Monitor Ctrl-Break"         daemon [_thread_in_native, id=17184, stack(0x000000dbf3300000,0x000000dbf3400000) (1024K)]
  0x00000205d4392f90 JavaThread "Notification Thread"        daemon [_thread_blocked, id=19048, stack(0x000000dbf3400000,0x000000dbf3500000) (1024K)]
  0x00000205d44838a0 JavaThread "Java2D Disposer"            daemon [_thread_blocked, id=12960, stack(0x000000dbf3500000,0x000000dbf3600000) (1024K)]
  0x00000205d44858b0 JavaThread "AWT-Windows"                daemon [_thread_in_native, id=13048, stack(0x000000dbf3700000,0x000000dbf3800000) (1024K)]
=>0x00000205d452dfe0 JavaThread "C2 CompilerThread1"         daemon [_thread_in_native, id=2488, stack(0x000000dbf3800000,0x000000dbf3900000) (1024K)]
  0x00000205d6235cb0 JavaThread "PostgreSQL-JDBC-Cleaner"    daemon [_thread_blocked, id=9052, stack(0x000000dbf3600000,0x000000dbf3700000) (1024K)]
Total: 16

Other Threads:
  0x00000205fd03b6a0 VMThread "VM Thread"                           [id=8916, stack(0x000000dbf2900000,0x000000dbf2a00000) (1024K)]
  0x00000205fd024120 WatcherThread "VM Periodic Task Thread"        [id=10460, stack(0x000000dbf2800000,0x000000dbf2900000) (1024K)]
  0x00000205ed9744b0 WorkerThread "GC Thread#0"                     [id=9476, stack(0x000000dbf2300000,0x000000dbf2400000) (1024K)]
  0x00000205d5db8ab0 WorkerThread "GC Thread#1"                     [id=18156, stack(0x000000dbf3a00000,0x000000dbf3b00000) (1024K)]
  0x00000205d584f8f0 WorkerThread "GC Thread#2"                     [id=11668, stack(0x000000dbf3b00000,0x000000dbf3c00000) (1024K)]
  0x00000205d5ccf1a0 WorkerThread "GC Thread#3"                     [id=12952, stack(0x000000dbf3c00000,0x000000dbf3d00000) (1024K)]
  0x00000205ed9852a0 ConcurrentGCThread "G1 Main Marker"            [id=21916, stack(0x000000dbf2400000,0x000000dbf2500000) (1024K)]
  0x00000205ed988470 WorkerThread "G1 Conc#0"                       [id=8812, stack(0x000000dbf2500000,0x000000dbf2600000) (1024K)]
  0x00000205ed9de5a0 ConcurrentGCThread "G1 Refine#0"               [id=22816, stack(0x000000dbf2600000,0x000000dbf2700000) (1024K)]
  0x00000205fcef3240 ConcurrentGCThread "G1 Service"                [id=21640, stack(0x000000dbf2700000,0x000000dbf2800000) (1024K)]
Total: 10

Threads with active compile tasks:
C2 CompilerThread1  1860 1150 % !   4       com.sun.crypto.provider.PBKDF2KeyImpl::deriveKey @ 198 (302 bytes)
Total: 1

VM state: not at safepoint (normal execution)

VM Mutex/Monitor currently owned by a thread:  ([mutex/lock_event])
[0x00007ffb64fcab48] Metaspace_lock - owner thread: 0x00000205eb852080

Heap address: 0x0000000702c00000, size: 4052 MB, Compressed Oops mode: Zero based, Oop shift amount: 3

CDS archive(s) mapped at: [0x000002058f000000-0x000002058fc60000-0x000002058fc60000), size 12976128, SharedBaseAddress: 0x000002058f000000, ArchiveRelocationMode: 1.
Compressed class space mapped at: 0x0000020590000000-0x00000205d0000000, reserved size: 1073741824
Narrow klass base: 0x000002058f000000, Narrow klass shift: 0, Narrow klass range: 0x41000000

GC Precious Log:
 CardTable entry size: 512
 Card Set container configuration: InlinePtr #cards 4 size 8 Array Of Cards #cards 16 size 48 Howl #buckets 8 coarsen threshold 3686 Howl Bitmap #cards 512 size 80 coarsen threshold 460 Card regions per heap region 1 cards per card region 4096
 CPUs: 4 total, 4 available
 Memory: 16204M
 Large Page Support: Disabled
 NUMA Support: Disabled
 Compressed Oops: Enabled (Zero based)
 Heap Region Size: 2M
 Heap Min Capacity: 8M
 Heap Initial Capacity: 254M
 Heap Max Capacity: 4052M
 Pre-touch: Disabled
 Parallel Workers: 4
 Concurrent Workers: 1
 Concurrent Refinement Workers: 4
 Periodic GC: Disabled

Heap:
 garbage-first heap   total reserved 4149248K, committed 260096K, used 6144K [0x0000000702c00000, 0x0000000800000000)
  region size 2048K, 3 young (6144K), 1 survivors (2048K)
 Metaspace       used 10188K, committed 10432K, reserved 1114112K
  class space    used 1153K, committed 1280K, reserved 1048576K

Heap Regions: E=young(eden), S=young(survivor), O=old, HS=humongous(starts), HC=humongous(continues), CS=collection set, F=free, TAMS=top-at-mark-start, PB=parsable bottom
|   0|0x0000000702c00000, 0x0000000702e00000, 0x0000000702e00000|100%| O|  |TAMS 0x0000000702c00000| PB 0x0000000702c00000| Untracked |  0
|   1|0x0000000702e00000, 0x0000000702e00000, 0x0000000703000000|  0%| F|  |TAMS 0x0000000702e00000| PB 0x0000000702e00000| Untracked |  0
|   2|0x0000000703000000, 0x0000000703000000, 0x0000000703200000|  0%| F|  |TAMS 0x0000000703000000| PB 0x0000000703000000| Untracked |  0
|   3|0x0000000703200000, 0x0000000703200000, 0x0000000703400000|  0%| F|  |TAMS 0x0000000703200000| PB 0x0000000703200000| Untracked |  0
|   4|0x0000000703400000, 0x0000000703400000, 0x0000000703600000|  0%| F|  |TAMS 0x0000000703400000| PB 0x0000000703400000| Untracked |  0
|   5|0x0000000703600000, 0x0000000703600000, 0x0000000703800000|  0%| F|  |TAMS 0x0000000703600000| PB 0x0000000703600000| Untracked |  0
|   6|0x0000000703800000, 0x0000000703800000, 0x0000000703a00000|  0%| F|  |TAMS 0x0000000703800000| PB 0x0000000703800000| Untracked |  0
|   7|0x0000000703a00000, 0x0000000703a00000, 0x0000000703c00000|  0%| F|  |TAMS 0x0000000703a00000| PB 0x0000000703a00000| Untracked |  0
|   8|0x0000000703c00000, 0x0000000703c00000, 0x0000000703e00000|  0%| F|  |TAMS 0x0000000703c00000| PB 0x0000000703c00000| Untracked |  0
|   9|0x0000000703e00000, 0x0000000703e00000, 0x0000000704000000|  0%| F|  |TAMS 0x0000000703e00000| PB 0x0000000703e00000| Untracked |  0
|  10|0x0000000704000000, 0x0000000704000000, 0x0000000704200000|  0%| F|  |TAMS 0x0000000704000000| PB 0x0000000704000000| Untracked |  0
|  11|0x0000000704200000, 0x0000000704200000, 0x0000000704400000|  0%| F|  |TAMS 0x0000000704200000| PB 0x0000000704200000| Untracked |  0
|  12|0x0000000704400000, 0x0000000704400000, 0x0000000704600000|  0%| F|  |TAMS 0x0000000704400000| PB 0x0000000704400000| Untracked |  0
|  13|0x0000000704600000, 0x0000000704600000, 0x0000000704800000|  0%| F|  |TAMS 0x0000000704600000| PB 0x0000000704600000| Untracked |  0
|  14|0x0000000704800000, 0x0000000704800000, 0x0000000704a00000|  0%| F|  |TAMS 0x0000000704800000| PB 0x0000000704800000| Untracked |  0
|  15|0x0000000704a00000, 0x0000000704a00000, 0x0000000704c00000|  0%| F|  |TAMS 0x0000000704a00000| PB 0x0000000704a00000| Untracked |  0
|  16|0x0000000704c00000, 0x0000000704c00000, 0x0000000704e00000|  0%| F|  |TAMS 0x0000000704c00000| PB 0x0000000704c00000| Untracked |  0
|  17|0x0000000704e00000, 0x0000000704e00000, 0x0000000705000000|  0%| F|  |TAMS 0x0000000704e00000| PB 0x0000000704e00000| Untracked |  0
|  18|0x0000000705000000, 0x0000000705000000, 0x0000000705200000|  0%| F|  |TAMS 0x0000000705000000| PB 0x0000000705000000| Untracked |  0
|  19|0x0000000705200000, 0x0000000705200000, 0x0000000705400000|  0%| F|  |TAMS 0x0000000705200000| PB 0x0000000705200000| Untracked |  0
|  20|0x0000000705400000, 0x0000000705400000, 0x0000000705600000|  0%| F|  |TAMS 0x0000000705400000| PB 0x0000000705400000| Untracked |  0
|  21|0x0000000705600000, 0x0000000705600000, 0x0000000705800000|  0%| F|  |TAMS 0x0000000705600000| PB 0x0000000705600000| Untracked |  0
|  22|0x0000000705800000, 0x0000000705800000, 0x0000000705a00000|  0%| F|  |TAMS 0x0000000705800000| PB 0x0000000705800000| Untracked |  0
|  23|0x0000000705a00000, 0x0000000705a00000, 0x0000000705c00000|  0%| F|  |TAMS 0x0000000705a00000| PB 0x0000000705a00000| Untracked |  0
|  24|0x0000000705c00000, 0x0000000705c00000, 0x0000000705e00000|  0%| F|  |TAMS 0x0000000705c00000| PB 0x0000000705c00000| Untracked |  0
|  25|0x0000000705e00000, 0x0000000705e00000, 0x0000000706000000|  0%| F|  |TAMS 0x0000000705e00000| PB 0x0000000705e00000| Untracked |  0
|  26|0x0000000706000000, 0x0000000706000000, 0x0000000706200000|  0%| F|  |TAMS 0x0000000706000000| PB 0x0000000706000000| Untracked |  0
|  27|0x0000000706200000, 0x0000000706200000, 0x0000000706400000|  0%| F|  |TAMS 0x0000000706200000| PB 0x0000000706200000| Untracked |  0
|  28|0x0000000706400000, 0x0000000706400000, 0x0000000706600000|  0%| F|  |TAMS 0x0000000706400000| PB 0x0000000706400000| Untracked |  0
|  29|0x0000000706600000, 0x0000000706600000, 0x0000000706800000|  0%| F|  |TAMS 0x0000000706600000| PB 0x0000000706600000| Untracked |  0
|  30|0x0000000706800000, 0x0000000706800000, 0x0000000706a00000|  0%| F|  |TAMS 0x0000000706800000| PB 0x0000000706800000| Untracked |  0
|  31|0x0000000706a00000, 0x0000000706a00000, 0x0000000706c00000|  0%| F|  |TAMS 0x0000000706a00000| PB 0x0000000706a00000| Untracked |  0
|  32|0x0000000706c00000, 0x0000000706c00000, 0x0000000706e00000|  0%| F|  |TAMS 0x0000000706c00000| PB 0x0000000706c00000| Untracked |  0
|  33|0x0000000706e00000, 0x0000000706e00000, 0x0000000707000000|  0%| F|  |TAMS 0x0000000706e00000| PB 0x0000000706e00000| Untracked |  0
|  34|0x0000000707000000, 0x0000000707000000, 0x0000000707200000|  0%| F|  |TAMS 0x0000000707000000| PB 0x0000000707000000| Untracked |  0
|  35|0x0000000707200000, 0x0000000707200000, 0x0000000707400000|  0%| F|  |TAMS 0x0000000707200000| PB 0x0000000707200000| Untracked |  0
|  36|0x0000000707400000, 0x0000000707400000, 0x0000000707600000|  0%| F|  |TAMS 0x0000000707400000| PB 0x0000000707400000| Untracked |  0
|  37|0x0000000707600000, 0x0000000707600000, 0x0000000707800000|  0%| F|  |TAMS 0x0000000707600000| PB 0x0000000707600000| Untracked |  0
|  38|0x0000000707800000, 0x0000000707800000, 0x0000000707a00000|  0%| F|  |TAMS 0x0000000707800000| PB 0x0000000707800000| Untracked |  0
|  39|0x0000000707a00000, 0x0000000707a00000, 0x0000000707c00000|  0%| F|  |TAMS 0x0000000707a00000| PB 0x0000000707a00000| Untracked |  0
|  40|0x0000000707c00000, 0x0000000707c00000, 0x0000000707e00000|  0%| F|  |TAMS 0x0000000707c00000| PB 0x0000000707c00000| Untracked |  0
|  41|0x0000000707e00000, 0x0000000707e00000, 0x0000000708000000|  0%| F|  |TAMS 0x0000000707e00000| PB 0x0000000707e00000| Untracked |  0
|  42|0x0000000708000000, 0x0000000708000000, 0x0000000708200000|  0%| F|  |TAMS 0x0000000708000000| PB 0x0000000708000000| Untracked |  0
|  43|0x0000000708200000, 0x0000000708200000, 0x0000000708400000|  0%| F|  |TAMS 0x0000000708200000| PB 0x0000000708200000| Untracked |  0
|  44|0x0000000708400000, 0x0000000708400000, 0x0000000708600000|  0%| F|  |TAMS 0x0000000708400000| PB 0x0000000708400000| Untracked |  0
|  45|0x0000000708600000, 0x0000000708600000, 0x0000000708800000|  0%| F|  |TAMS 0x0000000708600000| PB 0x0000000708600000| Untracked |  0
|  46|0x0000000708800000, 0x0000000708800000, 0x0000000708a00000|  0%| F|  |TAMS 0x0000000708800000| PB 0x0000000708800000| Untracked |  0
|  47|0x0000000708a00000, 0x0000000708a00000, 0x0000000708c00000|  0%| F|  |TAMS 0x0000000708a00000| PB 0x0000000708a00000| Untracked |  0
|  48|0x0000000708c00000, 0x0000000708c00000, 0x0000000708e00000|  0%| F|  |TAMS 0x0000000708c00000| PB 0x0000000708c00000| Untracked |  0
|  49|0x0000000708e00000, 0x0000000708e00000, 0x0000000709000000|  0%| F|  |TAMS 0x0000000708e00000| PB 0x0000000708e00000| Untracked |  0
|  50|0x0000000709000000, 0x0000000709000000, 0x0000000709200000|  0%| F|  |TAMS 0x0000000709000000| PB 0x0000000709000000| Untracked |  0
|  51|0x0000000709200000, 0x0000000709200000, 0x0000000709400000|  0%| F|  |TAMS 0x0000000709200000| PB 0x0000000709200000| Untracked |  0
|  52|0x0000000709400000, 0x0000000709400000, 0x0000000709600000|  0%| F|  |TAMS 0x0000000709400000| PB 0x0000000709400000| Untracked |  0
|  53|0x0000000709600000, 0x0000000709600000, 0x0000000709800000|  0%| F|  |TAMS 0x0000000709600000| PB 0x0000000709600000| Untracked |  0
|  54|0x0000000709800000, 0x0000000709800000, 0x0000000709a00000|  0%| F|  |TAMS 0x0000000709800000| PB 0x0000000709800000| Untracked |  0
|  55|0x0000000709a00000, 0x0000000709a00000, 0x0000000709c00000|  0%| F|  |TAMS 0x0000000709a00000| PB 0x0000000709a00000| Untracked |  0
|  56|0x0000000709c00000, 0x0000000709c00000, 0x0000000709e00000|  0%| F|  |TAMS 0x0000000709c00000| PB 0x0000000709c00000| Untracked |  0
|  57|0x0000000709e00000, 0x0000000709e00000, 0x000000070a000000|  0%| F|  |TAMS 0x0000000709e00000| PB 0x0000000709e00000| Untracked |  0
|  58|0x000000070a000000, 0x000000070a000000, 0x000000070a200000|  0%| F|  |TAMS 0x000000070a000000| PB 0x000000070a000000| Untracked |  0
|  59|0x000000070a200000, 0x000000070a200000, 0x000000070a400000|  0%| F|  |TAMS 0x000000070a200000| PB 0x000000070a200000| Untracked |  0
|  60|0x000000070a400000, 0x000000070a400000, 0x000000070a600000|  0%| F|  |TAMS 0x000000070a400000| PB 0x000000070a400000| Untracked |  0
|  61|0x000000070a600000, 0x000000070a600000, 0x000000070a800000|  0%| F|  |TAMS 0x000000070a600000| PB 0x000000070a600000| Untracked |  0
|  62|0x000000070a800000, 0x000000070a800000, 0x000000070aa00000|  0%| F|  |TAMS 0x000000070a800000| PB 0x000000070a800000| Untracked |  0
|  63|0x000000070aa00000, 0x000000070aa00000, 0x000000070ac00000|  0%| F|  |TAMS 0x000000070aa00000| PB 0x000000070aa00000| Untracked |  0
|  64|0x000000070ac00000, 0x000000070ac00000, 0x000000070ae00000|  0%| F|  |TAMS 0x000000070ac00000| PB 0x000000070ac00000| Untracked |  0
|  65|0x000000070ae00000, 0x000000070ae00000, 0x000000070b000000|  0%| F|  |TAMS 0x000000070ae00000| PB 0x000000070ae00000| Untracked |  0
|  66|0x000000070b000000, 0x000000070b000000, 0x000000070b200000|  0%| F|  |TAMS 0x000000070b000000| PB 0x000000070b000000| Untracked |  0
|  67|0x000000070b200000, 0x000000070b200000, 0x000000070b400000|  0%| F|  |TAMS 0x000000070b200000| PB 0x000000070b200000| Untracked |  0
|  68|0x000000070b400000, 0x000000070b400000, 0x000000070b600000|  0%| F|  |TAMS 0x000000070b400000| PB 0x000000070b400000| Untracked |  0
|  69|0x000000070b600000, 0x000000070b600000, 0x000000070b800000|  0%| F|  |TAMS 0x000000070b600000| PB 0x000000070b600000| Untracked |  0
|  70|0x000000070b800000, 0x000000070b800000, 0x000000070ba00000|  0%| F|  |TAMS 0x000000070b800000| PB 0x000000070b800000| Untracked |  0
|  71|0x000000070ba00000, 0x000000070ba00000, 0x000000070bc00000|  0%| F|  |TAMS 0x000000070ba00000| PB 0x000000070ba00000| Untracked |  0
|  72|0x000000070bc00000, 0x000000070bc00000, 0x000000070be00000|  0%| F|  |TAMS 0x000000070bc00000| PB 0x000000070bc00000| Untracked |  0
|  73|0x000000070be00000, 0x000000070be00000, 0x000000070c000000|  0%| F|  |TAMS 0x000000070be00000| PB 0x000000070be00000| Untracked |  0
|  74|0x000000070c000000, 0x000000070c000000, 0x000000070c200000|  0%| F|  |TAMS 0x000000070c000000| PB 0x000000070c000000| Untracked |  0
|  75|0x000000070c200000, 0x000000070c200000, 0x000000070c400000|  0%| F|  |TAMS 0x000000070c200000| PB 0x000000070c200000| Untracked |  0
|  76|0x000000070c400000, 0x000000070c400000, 0x000000070c600000|  0%| F|  |TAMS 0x000000070c400000| PB 0x000000070c400000| Untracked |  0
|  77|0x000000070c600000, 0x000000070c600000, 0x000000070c800000|  0%| F|  |TAMS 0x000000070c600000| PB 0x000000070c600000| Untracked |  0
|  78|0x000000070c800000, 0x000000070c800000, 0x000000070ca00000|  0%| F|  |TAMS 0x000000070c800000| PB 0x000000070c800000| Untracked |  0
|  79|0x000000070ca00000, 0x000000070ca00000, 0x000000070cc00000|  0%| F|  |TAMS 0x000000070ca00000| PB 0x000000070ca00000| Untracked |  0
|  80|0x000000070cc00000, 0x000000070cc00000, 0x000000070ce00000|  0%| F|  |TAMS 0x000000070cc00000| PB 0x000000070cc00000| Untracked |  0
|  81|0x000000070ce00000, 0x000000070ce00000, 0x000000070d000000|  0%| F|  |TAMS 0x000000070ce00000| PB 0x000000070ce00000| Untracked |  0
|  82|0x000000070d000000, 0x000000070d000000, 0x000000070d200000|  0%| F|  |TAMS 0x000000070d000000| PB 0x000000070d000000| Untracked |  0
|  83|0x000000070d200000, 0x000000070d200000, 0x000000070d400000|  0%| F|  |TAMS 0x000000070d200000| PB 0x000000070d200000| Untracked |  0
|  84|0x000000070d400000, 0x000000070d400000, 0x000000070d600000|  0%| F|  |TAMS 0x000000070d400000| PB 0x000000070d400000| Untracked |  0
|  85|0x000000070d600000, 0x000000070d600000, 0x000000070d800000|  0%| F|  |TAMS 0x000000070d600000| PB 0x000000070d600000| Untracked |  0
|  86|0x000000070d800000, 0x000000070d800000, 0x000000070da00000|  0%| F|  |TAMS 0x000000070d800000| PB 0x000000070d800000| Untracked |  0
|  87|0x000000070da00000, 0x000000070da00000, 0x000000070dc00000|  0%| F|  |TAMS 0x000000070da00000| PB 0x000000070da00000| Untracked |  0
|  88|0x000000070dc00000, 0x000000070dc00000, 0x000000070de00000|  0%| F|  |TAMS 0x000000070dc00000| PB 0x000000070dc00000| Untracked |  0
|  89|0x000000070de00000, 0x000000070de00000, 0x000000070e000000|  0%| F|  |TAMS 0x000000070de00000| PB 0x000000070de00000| Untracked |  0
|  90|0x000000070e000000, 0x000000070e000000, 0x000000070e200000|  0%| F|  |TAMS 0x000000070e000000| PB 0x000000070e000000| Untracked |  0
|  91|0x000000070e200000, 0x000000070e200000, 0x000000070e400000|  0%| F|  |TAMS 0x000000070e200000| PB 0x000000070e200000| Untracked |  0
|  92|0x000000070e400000, 0x000000070e400000, 0x000000070e600000|  0%| F|  |TAMS 0x000000070e400000| PB 0x000000070e400000| Untracked |  0
|  93|0x000000070e600000, 0x000000070e600000, 0x000000070e800000|  0%| F|  |TAMS 0x000000070e600000| PB 0x000000070e600000| Untracked |  0
|  94|0x000000070e800000, 0x000000070e800000, 0x000000070ea00000|  0%| F|  |TAMS 0x000000070e800000| PB 0x000000070e800000| Untracked |  0
|  95|0x000000070ea00000, 0x000000070ea00000, 0x000000070ec00000|  0%| F|  |TAMS 0x000000070ea00000| PB 0x000000070ea00000| Untracked |  0
|  96|0x000000070ec00000, 0x000000070ec00000, 0x000000070ee00000|  0%| F|  |TAMS 0x000000070ec00000| PB 0x000000070ec00000| Untracked |  0
|  97|0x000000070ee00000, 0x000000070ee00000, 0x000000070f000000|  0%| F|  |TAMS 0x000000070ee00000| PB 0x000000070ee00000| Untracked |  0
|  98|0x000000070f000000, 0x000000070f000000, 0x000000070f200000|  0%| F|  |TAMS 0x000000070f000000| PB 0x000000070f000000| Untracked |  0
|  99|0x000000070f200000, 0x000000070f200000, 0x000000070f400000|  0%| F|  |TAMS 0x000000070f200000| PB 0x000000070f200000| Untracked |  0
| 100|0x000000070f400000, 0x000000070f400000, 0x000000070f600000|  0%| F|  |TAMS 0x000000070f400000| PB 0x000000070f400000| Untracked |  0
| 101|0x000000070f600000, 0x000000070f600000, 0x000000070f800000|  0%| F|  |TAMS 0x000000070f600000| PB 0x000000070f600000| Untracked |  0
| 102|0x000000070f800000, 0x000000070f800000, 0x000000070fa00000|  0%| F|  |TAMS 0x000000070f800000| PB 0x000000070f800000| Untracked |  0
| 103|0x000000070fa00000, 0x000000070fa00000, 0x000000070fc00000|  0%| F|  |TAMS 0x000000070fa00000| PB 0x000000070fa00000| Untracked |  0
| 104|0x000000070fc00000, 0x000000070fc00000, 0x000000070fe00000|  0%| F|  |TAMS 0x000000070fc00000| PB 0x000000070fc00000| Untracked |  0
| 105|0x000000070fe00000, 0x000000070fe00000, 0x0000000710000000|  0%| F|  |TAMS 0x000000070fe00000| PB 0x000000070fe00000| Untracked |  0
| 106|0x0000000710000000, 0x0000000710000000, 0x0000000710200000|  0%| F|  |TAMS 0x0000000710000000| PB 0x0000000710000000| Untracked |  0
| 107|0x0000000710200000, 0x0000000710200000, 0x0000000710400000|  0%| F|  |TAMS 0x0000000710200000| PB 0x0000000710200000| Untracked |  0
| 108|0x0000000710400000, 0x0000000710400000, 0x0000000710600000|  0%| F|  |TAMS 0x0000000710400000| PB 0x0000000710400000| Untracked |  0
| 109|0x0000000710600000, 0x0000000710600000, 0x0000000710800000|  0%| F|  |TAMS 0x0000000710600000| PB 0x0000000710600000| Untracked |  0
| 110|0x0000000710800000, 0x0000000710800000, 0x0000000710a00000|  0%| F|  |TAMS 0x0000000710800000| PB 0x0000000710800000| Untracked |  0
| 111|0x0000000710a00000, 0x0000000710a00000, 0x0000000710c00000|  0%| F|  |TAMS 0x0000000710a00000| PB 0x0000000710a00000| Untracked |  0
| 112|0x0000000710c00000, 0x0000000710c00000, 0x0000000710e00000|  0%| F|  |TAMS 0x0000000710c00000| PB 0x0000000710c00000| Untracked |  0
| 113|0x0000000710e00000, 0x0000000710e00000, 0x0000000711000000|  0%| F|  |TAMS 0x0000000710e00000| PB 0x0000000710e00000| Untracked |  0
| 114|0x0000000711000000, 0x0000000711000000, 0x0000000711200000|  0%| F|  |TAMS 0x0000000711000000| PB 0x0000000711000000| Untracked |  0
| 115|0x0000000711200000, 0x0000000711200000, 0x0000000711400000|  0%| F|  |TAMS 0x0000000711200000| PB 0x0000000711200000| Untracked |  0
| 116|0x0000000711400000, 0x0000000711400000, 0x0000000711600000|  0%| F|  |TAMS 0x0000000711400000| PB 0x0000000711400000| Untracked |  0
| 117|0x0000000711600000, 0x0000000711600000, 0x0000000711800000|  0%| F|  |TAMS 0x0000000711600000| PB 0x0000000711600000| Untracked |  0
| 118|0x0000000711800000, 0x0000000711800000, 0x0000000711a00000|  0%| F|  |TAMS 0x0000000711800000| PB 0x0000000711800000| Untracked |  0
| 119|0x0000000711a00000, 0x0000000711c00000, 0x0000000711c00000|100%| S|CS|TAMS 0x0000000711a00000| PB 0x0000000711a00000| Complete |  0
| 120|0x0000000711c00000, 0x0000000711c00000, 0x0000000711e00000|  0%| F|  |TAMS 0x0000000711c00000| PB 0x0000000711c00000| Untracked |  0
| 121|0x0000000711e00000, 0x0000000711e00000, 0x0000000712000000|  0%| F|  |TAMS 0x0000000711e00000| PB 0x0000000711e00000| Untracked |  0
| 122|0x0000000712000000, 0x0000000712000000, 0x0000000712200000|  0%| F|  |TAMS 0x0000000712000000| PB 0x0000000712000000| Untracked |  0
| 123|0x0000000712200000, 0x0000000712200000, 0x0000000712400000|  0%| F|  |TAMS 0x0000000712200000| PB 0x0000000712200000| Untracked |  0
| 124|0x0000000712400000, 0x0000000712400000, 0x0000000712600000|  0%| F|  |TAMS 0x0000000712400000| PB 0x0000000712400000| Untracked |  0
| 125|0x0000000712600000, 0x00000007126f0d78, 0x0000000712800000| 47%| E|  |TAMS 0x0000000712600000| PB 0x0000000712600000| Complete |  0
| 126|0x0000000712800000, 0x0000000712a00000, 0x0000000712a00000|100%| E|CS|TAMS 0x0000000712800000| PB 0x0000000712800000| Complete |  0

Card table byte_map: [0x00000205f6450000,0x00000205f6c40000] _byte_map_base: 0x00000205f2c3a000

Marking Bits: (CMBitMap*) 0x00000205ed974ad0
 Bits: [0x00000205f6c40000, 0x00000205fab90000)

Polling page: 0x00000205ed0e0000

Metaspace:

Usage:
  Non-class:      8.82 MB used.
      Class:      1.13 MB used.
       Both:      9.95 MB used.

Virtual space:
  Non-class space:       64.00 MB reserved,       8.94 MB ( 14%) committed,  1 nodes.
      Class space:        1.00 GB reserved,       1.25 MB ( <1%) committed,  1 nodes.
             Both:        1.06 GB reserved,      10.19 MB ( <1%) committed. 

Chunk freelists:
   Non-Class:  6.36 MB
       Class:  14.67 MB
        Both:  21.03 MB

MaxMetaspaceSize: unlimited
CompressedClassSpaceSize: 1.00 GB
Initial GC threshold: 21.00 MB
Current GC threshold: 21.00 MB
CDS: on
 - commit_granule_bytes: 65536.
 - commit_granule_words: 8192.
 - virtual_space_node_default_size: 8388608.
 - enlarge_chunks_in_place: 1.
 - use_allocation_guard: 0.


Internal statistics:

num_allocs_failed_limit: 0.
num_arena_births: 190.
num_arena_deaths: 0.
num_vsnodes_births: 2.
num_vsnodes_deaths: 0.
num_space_committed: 163.
num_space_uncommitted: 0.
num_chunks_returned_to_freelist: 0.
num_chunks_taken_from_freelist: 311.
num_chunk_merges: 0.
num_chunk_splits: 189.
num_chunks_enlarged: 108.
num_inconsistent_stats: 0.

CodeHeap 'non-profiled nmethods': size=120000Kb used=428Kb max_used=428Kb free=119571Kb
 bounds [0x0000020587ad0000, 0x0000020587d40000, 0x000002058f000000]
CodeHeap 'profiled nmethods': size=120000Kb used=2168Kb max_used=2168Kb free=117831Kb
 bounds [0x0000020580000000, 0x0000020580270000, 0x0000020587530000]
CodeHeap 'non-nmethods': size=5760Kb used=1511Kb max_used=1533Kb free=4248Kb
 bounds [0x0000020587530000, 0x00000205877a0000, 0x0000020587ad0000]
 total_blobs=1890 nmethods=1303 adapters=492
 compilation: enabled
              stopped_count=0, restarted_count=0
 full_count=0

Compilation events (20 events):
Event: 1.516 Thread 0x00000205fd076460 nmethod 1254 0x00000205801f6d10 code [0x00000205801f6ec0, 0x00000205801f71b0]
Event: 1.516 Thread 0x00000205fd076460 1247       3       sun.util.locale.BaseLocale$Key::<init> (76 bytes)
Event: 1.517 Thread 0x00000205fd076460 nmethod 1247 0x00000205801f7290 code [0x00000205801f74a0, 0x00000205801f7b88]
Event: 1.517 Thread 0x00000205fd076460 1244       3       sun.util.locale.LocaleObjectCache$CacheEntry::<init> (12 bytes)
Event: 1.517 Thread 0x00000205fd076460 nmethod 1244 0x00000205801f7d90 code [0x00000205801f7f40, 0x00000205801f82f0]
Event: 1.517 Thread 0x00000205fd076460 1245       3       sun.util.locale.BaseLocale$Key::normalize (67 bytes)
Event: 1.518 Thread 0x00000205fd076460 nmethod 1245 0x00000205801f8410 code [0x00000205801f85c0, 0x00000205801f8850]
Event: 1.518 Thread 0x00000205fd076460 1238       1       sun.util.locale.LanguageTag::getScript (5 bytes)
Event: 1.518 Thread 0x00000205fd076460 nmethod 1238 0x0000020587b37990 code [0x0000020587b37b20, 0x0000020587b37bf0]
Event: 1.518 Thread 0x00000205fd076460 1239       1       sun.util.locale.LanguageTag::getRegion (5 bytes)
Event: 1.518 Thread 0x00000205fd076460 nmethod 1239 0x0000020587b37c90 code [0x0000020587b37e20, 0x0000020587b37ef0]
Event: 1.518 Thread 0x00000205fd076460 1263       3       java.util.Locale::getInstance (55 bytes)
Event: 1.519 Thread 0x00000205fd076460 nmethod 1263 0x00000205801f8990 code [0x00000205801f8ba0, 0x00000205801f9340]
Event: 1.519 Thread 0x00000205fd076460 1261       3       java.lang.String::<init> (10 bytes)
Event: 1.519 Thread 0x00000205fd076460 nmethod 1261 0x00000205801f9510 code [0x00000205801f96c0, 0x00000205801f9810]
Event: 1.519 Thread 0x00000205fd076460 1240       1       sun.util.locale.LanguageTag::getPrivateuse (5 bytes)
Event: 1.519 Thread 0x00000205fd076460 nmethod 1240 0x0000020587b37f90 code [0x0000020587b38120, 0x0000020587b381f0]
Event: 1.519 Thread 0x00000205fd076460 1264       3       sun.util.locale.LanguageTag::<init> (50 bytes)
Event: 1.520 Thread 0x00000205fd076460 nmethod 1264 0x00000205801f9910 code [0x00000205801f9b00, 0x00000205801fa0b8]
Event: 1.520 Thread 0x00000205fd076460 1273       3       sun.util.locale.LocaleUtils::toTitleString (139 bytes)

GC Heap History (2 events):
Event: 1.437 GC heap before
{Heap before GC invocations=0 (full 0):
 garbage-first heap   total reserved 4149248K, committed 260096K, used 14336K [0x0000000702c00000, 0x0000000800000000)
  region size 2048K, 7 young (14336K), 0 survivors (0K)
 Metaspace       used 9412K, committed 9728K, reserved 1114112K
  class space    used 1099K, committed 1216K, reserved 1048576K
}
Event: 1.448 GC heap after
{Heap after GC invocations=1 (full 0):
 garbage-first heap   total reserved 4149248K, committed 260096K, used 4096K [0x0000000702c00000, 0x0000000800000000)
  region size 2048K, 1 young (2048K), 1 survivors (2048K)
 Metaspace       used 9412K, committed 9728K, reserved 1114112K
  class space    used 1099K, committed 1216K, reserved 1048576K
}

Dll operation events (13 events):
Event: 0.021 Loaded shared library C:\Program Files\Java\jdk-22\bin\java.dll
Event: 0.077 Loaded shared library C:\Program Files\Java\jdk-22\bin\jsvml.dll
Event: 0.226 Loaded shared library C:\Program Files\Java\jdk-22\bin\zip.dll
Event: 0.232 Loaded shared library C:\Program Files\Java\jdk-22\bin\instrument.dll
Event: 0.242 Loaded shared library C:\Program Files\Java\jdk-22\bin\net.dll
Event: 0.246 Loaded shared library C:\Program Files\Java\jdk-22\bin\nio.dll
Event: 0.260 Loaded shared library C:\Program Files\Java\jdk-22\bin\zip.dll
Event: 0.303 Loaded shared library C:\Program Files\JetBrains\IntelliJ IDEA Community Edition 2024.1.4\bin\breakgen64.dll
Event: 0.320 Loaded shared library C:\Program Files\Java\jdk-22\bin\extnet.dll
Event: 0.332 Loaded shared library C:\Program Files\Java\jdk-22\bin\jimage.dll
Event: 0.374 Loaded shared library C:\Program Files\Java\jdk-22\bin\awt.dll
Event: 0.887 Loaded shared library C:\Program Files\Java\jdk-22\bin\management.dll
Event: 0.891 Loaded shared library C:\Program Files\Java\jdk-22\bin\management_ext.dll

Deoptimization events (20 events):
Event: 1.377 Thread 0x00000205eb852080 DEOPT PACKING pc=0x00000205801a89b9 sp=0x000000dbf22fdf50
Event: 1.377 Thread 0x00000205eb852080 DEOPT UNPACKING pc=0x0000020587584e42 sp=0x000000dbf22fd3c8 mode 0
Event: 1.377 Thread 0x00000205eb852080 DEOPT PACKING pc=0x00000205801a89b9 sp=0x000000dbf22fdf20
Event: 1.377 Thread 0x00000205eb852080 DEOPT UNPACKING pc=0x0000020587584e42 sp=0x000000dbf22fd398 mode 0
Event: 1.378 Thread 0x00000205eb852080 DEOPT PACKING pc=0x00000205801a89b9 sp=0x000000dbf22fdf50
Event: 1.378 Thread 0x00000205eb852080 DEOPT UNPACKING pc=0x0000020587584e42 sp=0x000000dbf22fd3c8 mode 0
Event: 1.378 Thread 0x00000205eb852080 DEOPT PACKING pc=0x00000205801a8b57 sp=0x000000dbf22fdf20
Event: 1.378 Thread 0x00000205eb852080 DEOPT UNPACKING pc=0x0000020587584e42 sp=0x000000dbf22fd398 mode 0
Event: 1.381 Thread 0x00000205eb852080 Uncommon trap: trap_request=0xffffffc6 fr.pc=0x0000020587b10da0 relative=0x0000000000000440
Event: 1.381 Thread 0x00000205eb852080 Uncommon trap: reason=bimorphic_or_optimized_type_check action=maybe_recompile pc=0x0000020587b10da0 method=java.util.concurrent.ConcurrentHashMap.get(Ljava/lang/Object;)Ljava/lang/Object; @ 149 c2
Event: 1.381 Thread 0x00000205eb852080 DEOPT PACKING pc=0x0000020587b10da0 sp=0x000000dbf22fe4b0
Event: 1.381 Thread 0x00000205eb852080 DEOPT UNPACKING pc=0x00000205875846a2 sp=0x000000dbf22fe440 mode 2
Event: 1.473 Thread 0x00000205eb852080 Uncommon trap: trap_request=0xffffff45 fr.pc=0x0000020587b247bc relative=0x000000000000009c
Event: 1.473 Thread 0x00000205eb852080 Uncommon trap: reason=unstable_if action=reinterpret pc=0x0000020587b247bc method=java.lang.ref.ReferenceQueue.headIsNull()Z @ 4 c2
Event: 1.473 Thread 0x00000205eb852080 DEOPT PACKING pc=0x0000020587b247bc sp=0x000000dbf22fbbb0
Event: 1.473 Thread 0x00000205eb852080 DEOPT UNPACKING pc=0x00000205875846a2 sp=0x000000dbf22fba70 mode 2
Event: 1.481 Thread 0x00000205eb852080 Uncommon trap: trap_request=0xffffff45 fr.pc=0x0000020587b216d0 relative=0x00000000000000b0
Event: 1.481 Thread 0x00000205eb852080 Uncommon trap: reason=unstable_if action=reinterpret pc=0x0000020587b216d0 method=java.lang.CharacterDataLatin1.digit(II)I @ 7 c2
Event: 1.481 Thread 0x00000205eb852080 DEOPT PACKING pc=0x0000020587b216d0 sp=0x000000dbf22fe780
Event: 1.481 Thread 0x00000205eb852080 DEOPT UNPACKING pc=0x00000205875846a2 sp=0x000000dbf22fe700 mode 2

Classes loaded (20 events):
Event: 1.469 Loading class java/util/SimpleTimeZone
Event: 1.470 Loading class java/util/SimpleTimeZone done
Event: 1.470 Loading class java/time/format/DateTimeParseException
Event: 1.470 Loading class java/time/DateTimeException
Event: 1.470 Loading class java/time/DateTimeException done
Event: 1.470 Loading class java/time/format/DateTimeParseException done
Event: 1.472 Loading class java/time/OffsetDateTime
Event: 1.473 Loading class java/time/OffsetDateTime done
Event: 1.475 Loading class java/time/LocalDateTime$1
Event: 1.475 Loading class java/time/LocalDateTime$1 done
Event: 1.475 Loading class java/time/chrono/IsoEra
Event: 1.475 Loading class java/time/chrono/Era
Event: 1.475 Loading class java/time/chrono/Era done
Event: 1.475 Loading class java/time/chrono/IsoEra done
Event: 1.476 Loading class java/time/Instant$1
Event: 1.476 Loading class java/time/Instant$1 done
Event: 1.517 Loading class sun/awt/AppContext$PostShutdownEventRunnable
Event: 1.517 Loading class sun/awt/AppContext$PostShutdownEventRunnable done
Event: 1.517 Loading class sun/awt/AWTAutoShutdown$1
Event: 1.518 Loading class sun/awt/AWTAutoShutdown$1 done

Classes unloaded (0 events):
No events

Classes redefined (0 events):
No events

Internal exceptions (20 events):
Event: 0.576 Thread 0x00000205eb852080 Exception <a 'java/lang/NoSuchMethodError'{0x00000007125ace58}: 'java.lang.Object java.lang.invoke.DirectMethodHandle$Holder.invokeStatic(java.lang.Object, int, java.lang.Object)'> (0x00000007125ace58) 
thrown [s\open\src\hotspot\share\interpreter\linkResolver.cpp, line 774]
Event: 0.619 Thread 0x00000205eb852080 Exception <a 'java/lang/ClassNotFoundException'{0x000000071224f5c0}: com/sun/swing/internal/plaf/metal/resources/spi/metalProvider> (0x000000071224f5c0) 
thrown [s\open\src\hotspot\share\classfile\systemDictionary.cpp, line 313]
Event: 0.621 Thread 0x00000205eb852080 Exception <a 'java/lang/ClassNotFoundException'{0x0000000712253570}: com/sun/swing/internal/plaf/basic/resources/spi/basicProvider> (0x0000000712253570) 
thrown [s\open\src\hotspot\share\classfile\systemDictionary.cpp, line 313]
Event: 0.637 Thread 0x00000205eb852080 Exception <a 'java/lang/NoSuchMethodError'{0x000000071226fb58}: 'int java.lang.invoke.Invokers$Holder.invokeExact_MT(java.lang.Object, java.lang.Object)'> (0x000000071226fb58) 
thrown [s\open\src\hotspot\share\interpreter\linkResolver.cpp, line 774]
Event: 0.770 Thread 0x00000205eb852080 Exception <a 'java/lang/NoSuchMethodError'{0x00000007123513c0}: method resolution failed> (0x00000007123513c0) 
thrown [s\open\src\hotspot\share\prims\methodHandles.cpp, line 1146]
Event: 0.771 Thread 0x00000205eb852080 Exception <a 'java/lang/NoSuchMethodError'{0x0000000712356528}: 'java.lang.Object java.lang.invoke.DirectMethodHandle$Holder.invokeStatic(java.lang.Object, java.lang.Object, int)'> (0x0000000712356528) 
thrown [s\open\src\hotspot\share\interpreter\linkResolver.cpp, line 774]
Event: 0.774 Thread 0x00000205eb852080 Exception <a 'java/lang/NoSuchMethodError'{0x0000000712361ca8}: 'void java.lang.invoke.DelegatingMethodHandle$Holder.delegate(java.lang.Object, java.lang.Object, int, java.lang.Object)'> (0x0000000712361ca8) 
thrown [s\open\src\hotspot\share\interpreter\linkResolver.cpp, line 774]
Event: 0.774 Thread 0x00000205eb852080 Exception <a 'java/lang/NoSuchMethodError'{0x0000000712365a38}: 'int java.lang.invoke.DirectMethodHandle$Holder.invokeSpecial(java.lang.Object, java.lang.Object, java.lang.Object)'> (0x0000000712365a38) 
thrown [s\open\src\hotspot\share\interpreter\linkResolver.cpp, line 774]
Event: 0.788 Thread 0x00000205eb852080 Exception <a 'java/lang/NoSuchMethodError'{0x0000000712394cf8}: 'java.lang.Object java.lang.invoke.DirectMethodHandle$Holder.invokeVirtual(java.lang.Object, java.lang.Object, java.lang.Object, java.lang.Object)'> (0x0000000712394cf8) 
thrown [s\open\src\hotspot\share\interpreter\linkResolver.cpp, line 774]
Event: 0.790 Thread 0x00000205eb852080 Exception <a 'java/lang/NoSuchMethodError'{0x000000071239c558}: 'void java.lang.invoke.DirectMethodHandle$Holder.invokeStatic(java.lang.Object, java.lang.Object, java.lang.Object, java.lang.Object)'> (0x000000071239c558) 
thrown [s\open\src\hotspot\share\interpreter\linkResolver.cpp, line 774]
Event: 0.812 Thread 0x00000205eb852080 Exception <a 'java/lang/NoSuchMethodError'{0x00000007123ee310}: 'int java.lang.invoke.DirectMethodHandle$Holder.invokeStaticInit(java.lang.Object, java.lang.Object, java.lang.Object, java.lang.Object)'> (0x00000007123ee310) 
thrown [s\open\src\hotspot\share\interpreter\linkResolver.cpp, line 774]
Event: 0.814 Thread 0x00000205eb852080 Exception <a 'java/lang/NoSuchMethodError'{0x00000007123f6ab0}: 'java.lang.Object java.lang.invoke.DirectMethodHandle$Holder.invokeInterface(java.lang.Object, java.lang.Object)'> (0x00000007123f6ab0) 
thrown [s\open\src\hotspot\share\interpreter\linkResolver.cpp, line 774]
Event: 0.815 Thread 0x00000205eb852080 Exception <a 'java/lang/IncompatibleClassChangeError'{0x00000007123f9d28}: Found class java.lang.Object, but interface was expected> (0x00000007123f9d28) 
thrown [s\open\src\hotspot\share\interpreter\linkResolver.cpp, line 841]
Event: 0.816 Thread 0x00000205eb852080 Exception <a 'java/lang/NoSuchMethodError'{0x00000007123fc548}: 'void java.lang.invoke.DirectMethodHandle$Holder.invokeStaticInit(java.lang.Object, java.lang.Object)'> (0x00000007123fc548) 
thrown [s\open\src\hotspot\share\interpreter\linkResolver.cpp, line 774]
Event: 0.817 Thread 0x00000205eb852080 Exception <a 'java/lang/NoSuchMethodError'{0x0000000712001d68}: 'int java.lang.invoke.DirectMethodHandle$Holder.invokeStaticInit(java.lang.Object, java.lang.Object)'> (0x0000000712001d68) 
thrown [s\open\src\hotspot\share\interpreter\linkResolver.cpp, line 774]
Event: 1.066 Thread 0x00000205eb852080 Exception <a 'java/lang/NoSuchMethodError'{0x0000000711e2d0b0}: 'java.lang.Object java.lang.invoke.DirectMethodHandle$Holder.invokeStaticInit(java.lang.Object, int, int, int, int)'> (0x0000000711e2d0b0) 
thrown [s\open\src\hotspot\share\interpreter\linkResolver.cpp, line 774]
Event: 1.144 Thread 0x00000205eb852080 Exception <a 'java/lang/NoSuchMethodError'{0x0000000711ef8248}: 'java.lang.Object java.lang.invoke.DirectMethodHandle$Holder.invokeStaticInit(java.lang.Object, java.lang.Object, int, int, int, int)'> (0x0000000711ef8248) 
thrown [s\open\src\hotspot\share\interpreter\linkResolver.cpp, line 774]
Event: 1.255 Thread 0x00000205eb852080 Exception <a 'sun/nio/fs/WindowsException'{0x0000000711c66a48}> (0x0000000711c66a48) 
thrown [s\open\src\hotspot\share\prims\jni.cpp, line 520]
Event: 1.294 Thread 0x00000205fd06bc40 Exception <a 'java/lang/NoSuchMethodError'{0x0000000711cd28c8}: 'java.lang.Object java.lang.invoke.Invokers$Holder.invokeExact_MT(java.lang.Object, java.lang.Object, java.lang.Object, java.lang.Object, java.lang.Object, java.lang.Object)'> (0x0000000711cd28c8) 
thrown [s\open\src\hotspot\share\interpreter\linkResolver.cpp, line 774]
Event: 1.380 Thread 0x00000205eb852080 Exception <a 'java/lang/NoSuchMethodError'{0x0000000711d41998}: 'void java.lang.invoke.DirectMethodHandle$Holder.invokeVirtual(java.lang.Object, java.lang.Object)'> (0x0000000711d41998) 
thrown [s\open\src\hotspot\share\interpreter\linkResolver.cpp, line 774]

ZGC Phase Switch (0 events):
No events

VM Operations (20 events):
Event: 0.170 Executing VM operation: HandshakeAllThreads (Deoptimize)
Event: 0.170 Executing VM operation: HandshakeAllThreads (Deoptimize) done
Event: 0.426 Executing VM operation: HandshakeAllThreads (Deoptimize)
Event: 0.426 Executing VM operation: HandshakeAllThreads (Deoptimize) done
Event: 0.677 Executing VM operation: HandshakeAllThreads (Deoptimize)
Event: 0.678 Executing VM operation: HandshakeAllThreads (Deoptimize) done
Event: 0.970 Executing VM operation: HandshakeAllThreads (Deoptimize)
Event: 0.970 Executing VM operation: HandshakeAllThreads (Deoptimize) done
Event: 1.015 Executing VM operation: HandshakeAllThreads (Deoptimize)
Event: 1.015 Executing VM operation: HandshakeAllThreads (Deoptimize) done
Event: 1.258 Executing VM operation: HandshakeAllThreads (Deoptimize)
Event: 1.258 Executing VM operation: HandshakeAllThreads (Deoptimize) done
Event: 1.258 Executing VM operation: Cleanup
Event: 1.258 Executing VM operation: Cleanup done
Event: 1.424 Executing VM operation: HandshakeAllThreads (Deoptimize)
Event: 1.424 Executing VM operation: HandshakeAllThreads (Deoptimize) done
Event: 1.425 Executing VM operation: HandshakeAllThreads (Deoptimize)
Event: 1.425 Executing VM operation: HandshakeAllThreads (Deoptimize) done
Event: 1.437 Executing VM operation: G1CollectForAllocation (G1 Evacuation Pause)
Event: 1.448 Executing VM operation: G1CollectForAllocation (G1 Evacuation Pause) done

Events (17 events):
Event: 0.048 Thread 0x00000205eb852080 Thread added: 0x00000205eb852080
Event: 0.073 Thread 0x00000205fd052b60 Thread added: 0x00000205fd052b60
Event: 0.073 Thread 0x00000205fd054a90 Thread added: 0x00000205fd054a90
Event: 0.074 Thread 0x00000205fd068cd0 Thread added: 0x00000205fd068cd0
Event: 0.074 Thread 0x00000205fd06bc40 Thread added: 0x00000205fd06bc40
Event: 0.074 Thread 0x00000205fd06c6a0 Thread added: 0x00000205fd06c6a0
Event: 0.074 Thread 0x00000205fd06f470 Thread added: 0x00000205fd06f470
Event: 0.074 Thread 0x00000205fd0759b0 Thread added: 0x00000205fd0759b0
Event: 0.075 Thread 0x00000205fd076460 Thread added: 0x00000205fd076460
Event: 0.153 Thread 0x00000205fd024f90 Thread added: 0x00000205fd024f90
Event: 0.304 Thread 0x00000205d4392920 Thread added: 0x00000205d4392920
Event: 0.305 Thread 0x00000205d4392f90 Thread added: 0x00000205d4392f90
Event: 0.495 Thread 0x00000205d44838a0 Thread added: 0x00000205d44838a0
Event: 0.497 Thread 0x00000205d4484390 Thread added: 0x00000205d4484390
Event: 0.500 Thread 0x00000205d44858b0 Thread added: 0x00000205d44858b0
Event: 0.842 Thread 0x00000205d452dfe0 Thread added: 0x00000205d452dfe0
Event: 1.518 Thread 0x00000205d4484390 Thread exited: 0x00000205d4484390


Dynamic libraries:
0x00007ff7af790000 - 0x00007ff7af7a0000 	C:\Program Files\Java\jdk-22\bin\java.exe
0x00007ffbb1150000 - 0x00007ffbb1348000 	C:\Windows\SYSTEM32\ntdll.dll
0x00007ffbb0f20000 - 0x00007ffbb0fe1000 	C:\Windows\System32\KERNEL32.DLL
0x00007ffbae800000 - 0x00007ffbaeaf6000 	C:\Windows\System32\KERNELBASE.dll
0x00007ffbaef30000 - 0x00007ffbaf030000 	C:\Windows\System32\ucrtbase.dll
0x00007ffbabe80000 - 0x00007ffbabe9b000 	C:\Program Files\Java\jdk-22\bin\VCRUNTIME140.dll
0x00007ffba8460000 - 0x00007ffba8477000 	C:\Program Files\Java\jdk-22\bin\jli.dll
0x00007ffbaf210000 - 0x00007ffbaf2c0000 	C:\Windows\System32\ADVAPI32.dll
0x00007ffbb0570000 - 0x00007ffbb060e000 	C:\Windows\System32\msvcrt.dll
0x00007ffbb0610000 - 0x00007ffbb06b0000 	C:\Windows\System32\sechost.dll
0x00007ffbb0cb0000 - 0x00007ffbb0dd3000 	C:\Windows\System32\RPCRT4.dll
0x00007ffbaeda0000 - 0x00007ffbaedc7000 	C:\Windows\System32\bcrypt.dll
0x00007ffbb03d0000 - 0x00007ffbb056f000 	C:\Windows\System32\USER32.dll
0x00007ffbaeba0000 - 0x00007ffbaebc2000 	C:\Windows\System32\win32u.dll
0x00007ffbaf1e0000 - 0x00007ffbaf20b000 	C:\Windows\System32\GDI32.dll
0x00007ffb8fa60000 - 0x00007ffb8fcfa000 	C:\Windows\WinSxS\amd64_microsoft.windows.common-controls_6595b64144ccf1df_6.0.19041.4355_none_60b8b9eb71f62e16\COMCTL32.dll
0x00007ffbaebd0000 - 0x00007ffbaece7000 	C:\Windows\System32\gdi32full.dll
0x00007ffbaeb00000 - 0x00007ffbaeb9d000 	C:\Windows\System32\msvcp_win.dll
0x00007ffb9f1d0000 - 0x00007ffb9f1da000 	C:\Windows\SYSTEM32\VERSION.dll
0x00007ffbaf640000 - 0x00007ffbaf66f000 	C:\Windows\System32\IMM32.DLL
0x00007ffbabe60000 - 0x00007ffbabe6c000 	C:\Program Files\Java\jdk-22\bin\vcruntime140_1.dll
0x00007ffb7ae00000 - 0x00007ffb7ae8e000 	C:\Program Files\Java\jdk-22\bin\msvcp140.dll
0x00007ffb64360000 - 0x00007ffb650a8000 	C:\Program Files\Java\jdk-22\bin\server\jvm.dll
0x00007ffbafbf0000 - 0x00007ffbafc5b000 	C:\Windows\System32\WS2_32.dll
0x00007ffbae270000 - 0x00007ffbae2bb000 	C:\Windows\SYSTEM32\POWRPROF.dll
0x00007ffb8ce40000 - 0x00007ffb8ce67000 	C:\Windows\SYSTEM32\WINMM.dll
0x00007ffbae1e0000 - 0x00007ffbae1f2000 	C:\Windows\SYSTEM32\UMPDC.dll
0x00007ffbac680000 - 0x00007ffbac692000 	C:\Windows\SYSTEM32\kernel.appcore.dll
0x00007ffbab3e0000 - 0x00007ffbab3ea000 	C:\Program Files\Java\jdk-22\bin\jimage.dll
0x00007ffb9f710000 - 0x00007ffb9f8f4000 	C:\Windows\SYSTEM32\DBGHELP.DLL
0x00007ffba0350000 - 0x00007ffba0384000 	C:\Windows\SYSTEM32\dbgcore.DLL
0x00007ffbaf0f0000 - 0x00007ffbaf172000 	C:\Windows\System32\bcryptPrimitives.dll
0x00007ffbaad40000 - 0x00007ffbaad4f000 	C:\Program Files\Java\jdk-22\bin\instrument.dll
0x00007ffba7cb0000 - 0x00007ffba7cce000 	C:\Program Files\Java\jdk-22\bin\java.dll
0x00007ffbafc60000 - 0x00007ffbb03cc000 	C:\Windows\System32\SHELL32.dll
0x00007ffbb0b80000 - 0x00007ffbb0cab000 	C:\Windows\System32\ole32.dll
0x00007ffbaf2c0000 - 0x00007ffbaf613000 	C:\Windows\System32\combase.dll
0x00007ffbac880000 - 0x00007ffbad01d000 	C:\Windows\SYSTEM32\windows.storage.dll
0x00007ffbae1b0000 - 0x00007ffbae1de000 	C:\Windows\SYSTEM32\Wldp.dll
0x00007ffbb0900000 - 0x00007ffbb09cd000 	C:\Windows\System32\OLEAUT32.dll
0x00007ffbb0ff0000 - 0x00007ffbb109d000 	C:\Windows\System32\SHCORE.dll
0x00007ffbaf180000 - 0x00007ffbaf1d5000 	C:\Windows\System32\shlwapi.dll
0x00007ffbae730000 - 0x00007ffbae754000 	C:\Windows\SYSTEM32\profapi.dll
0x00007ffb74e10000 - 0x00007ffb74ee7000 	C:\Program Files\Java\jdk-22\bin\jsvml.dll
0x00007ffba7900000 - 0x00007ffba7917000 	C:\Program Files\Java\jdk-22\bin\zip.dll
0x00007ffba8d70000 - 0x00007ffba8d80000 	C:\Program Files\Java\jdk-22\bin\net.dll
0x00007ffbadf10000 - 0x00007ffbadf7a000 	C:\Windows\system32\mswsock.dll
0x00007ffb9e9e0000 - 0x00007ffb9e9f6000 	C:\Program Files\Java\jdk-22\bin\nio.dll
0x00007ffb9e9c0000 - 0x00007ffb9e9da000 	C:\Program Files\JetBrains\IntelliJ IDEA Community Edition 2024.1.4\bin\breakgen64.dll
0x00007ffba8450000 - 0x00007ffba8459000 	C:\Program Files\Java\jdk-22\bin\extnet.dll
0x00007ffb74a80000 - 0x00007ffb74c0e000 	C:\Program Files\Java\jdk-22\bin\awt.dll
0x00007ffbaa730000 - 0x00007ffbaa7c4000 	C:\Windows\SYSTEM32\apphelp.dll
0x00007ffbac290000 - 0x00007ffbac2bf000 	C:\Windows\system32\DWMAPI.DLL
0x00007ffbac130000 - 0x00007ffbac1ce000 	C:\Windows\system32\uxtheme.dll
0x00007ffb9c510000 - 0x00007ffb9c638000 	C:\Windows\system32\opengl32.dll
0x00007ffba6000000 - 0x00007ffba602c000 	C:\Windows\SYSTEM32\GLU32.dll
0x00007ffbb0e00000 - 0x00007ffbb0f14000 	C:\Windows\System32\MSCTF.dll
0x00007ffbadc30000 - 0x00007ffbadcfa000 	C:\Windows\SYSTEM32\DNSAPI.dll
0x00007ffbadbf0000 - 0x00007ffbadc2b000 	C:\Windows\SYSTEM32\IPHLPAPI.DLL
0x00007ffbb0df0000 - 0x00007ffbb0df8000 	C:\Windows\System32\NSI.dll
0x00007ffba0830000 - 0x00007ffba083a000 	C:\Windows\System32\rasadhlp.dll
0x00007ffba0670000 - 0x00007ffba06f0000 	C:\Windows\System32\fwpuclnt.dll
0x00007ffba8430000 - 0x00007ffba843a000 	C:\Program Files\Java\jdk-22\bin\management.dll
0x00007ffb9ec90000 - 0x00007ffb9ec9b000 	C:\Program Files\Java\jdk-22\bin\management_ext.dll
0x00007ffbb10a0000 - 0x00007ffbb10a8000 	C:\Windows\System32\PSAPI.DLL
0x00007ffbae100000 - 0x00007ffbae118000 	C:\Windows\SYSTEM32\CRYPTSP.dll
0x00007ffbad7d0000 - 0x00007ffbad804000 	C:\Windows\system32\rsaenh.dll
0x00007ffbae6a0000 - 0x00007ffbae6ce000 	C:\Windows\SYSTEM32\USERENV.dll
0x00007ffbae120000 - 0x00007ffbae12c000 	C:\Windows\SYSTEM32\CRYPTBASE.dll

dbghelp: loaded successfully - version: 4.0.5 - missing functions: none
symbol engine: initialized successfully - sym options: 0x614 - pdb path: .;C:\Program Files\Java\jdk-22\bin;C:\Windows\SYSTEM32;C:\Windows\WinSxS\amd64_microsoft.windows.common-controls_6595b64144ccf1df_6.0.19041.4355_none_60b8b9eb71f62e16;C:\Program Files\Java\jdk-22\bin\server;C:\Program Files\JetBrains\IntelliJ IDEA Community Edition 2024.1.4\bin

VM Arguments:
jvm_args: -javaagent:C:\Program Files\JetBrains\IntelliJ IDEA Community Edition 2024.1.4\lib\idea_rt.jar=2539:C:\Program Files\JetBrains\IntelliJ IDEA Community Edition 2024.1.4\bin -Dfile.encoding=UTF-8 -Dsun.stdout.encoding=UTF-8 -Dsun.stderr.encoding=UTF-8 
java_command: App
java_class_path (initial): E:\Escuela de Leyder\Carrera Informtica\2do ao\2do Semestre\Bases de Datos(BSD)\Trabajo de Curso\RefugioVSC\out\production\RefugioVSC;E:\Escuela de Leyder\Carrera Informtica\2do ao\2do Semestre\Bases de Datos(BSD)\Trabajo de Curso\RefugioVSC\lib\itext-4.2.1.jar;E:\Escuela de Leyder\Carrera Informtica\2do ao\2do Semestre\Bases de Datos(BSD)\Trabajo de Curso\RefugioVSC\lib\jcalendar-1.4.jar;E:\Escuela de Leyder\Carrera Informtica\2do ao\2do Semestre\Bases de Datos(BSD)\Trabajo de Curso\RefugioVSC\lib\postgresql-42.7.3.jar;E:\Escuela de Leyder\Carrera Informtica\2do ao\2do Semestre\Bases de Datos(BSD)\Trabajo de Curso\RefugioVSC\lib\commons-digester-2.1.jar;E:\Escuela de Leyder\Carrera Informtica\2do ao\2do Semestre\Bases de Datos(BSD)\Trabajo de Curso\RefugioVSC\lib\jasperreports-6.21.3.jar;E:\Escuela de Leyder\Carrera Informtica\2do ao\2do Semestre\Bases de Datos(BSD)\Trabajo de Curso\RefugioVSC\lib\commons-logging-1.3.3.jar;E:\Escuela de Leyder\Carrera Informtica\2do ao\2do Semestre\Bases de Datos(BSD)\Trabajo de Curso\RefugioVSC\lib\commons-collections4-4.5.0-M2.jar
Launcher Type: SUN_STANDARD

[Global flags]
     intx CICompilerCount                          = 3                                         {product} {ergonomic}
     uint ConcGCThreads                            = 1                                         {product} {ergonomic}
     uint G1ConcRefinementThreads                  = 4                                         {product} {ergonomic}
   size_t G1HeapRegionSize                         = 2097152                                   {product} {ergonomic}
   size_t InitialHeapSize                          = 266338304                                 {product} {ergonomic}
   size_t MarkStackSize                            = 4194304                                   {product} {ergonomic}
   size_t MaxHeapSize                              = 4248829952                                {product} {ergonomic}
   size_t MaxNewSize                               = 2548039680                                {product} {ergonomic}
   size_t MinHeapDeltaBytes                        = 2097152                                   {product} {ergonomic}
   size_t MinHeapSize                              = 8388608                                   {product} {ergonomic}
    uintx NonNMethodCodeHeapSize                   = 5832780                                {pd product} {ergonomic}
    uintx NonProfiledCodeHeapSize                  = 122912730                              {pd product} {ergonomic}
    uintx ProfiledCodeHeapSize                     = 122912730                              {pd product} {ergonomic}
    uintx ReservedCodeCacheSize                    = 251658240                              {pd product} {ergonomic}
     bool SegmentedCodeCache                       = true                                      {product} {ergonomic}
   size_t SoftMaxHeapSize                          = 4248829952                             {manageable} {ergonomic}
     bool UseCompressedOops                        = true                           {product lp64_product} {ergonomic}
     bool UseG1GC                                  = true                                      {product} {ergonomic}
     bool UseLargePagesIndividualAllocation        = false                                  {pd product} {ergonomic}

Logging:
Log output configuration:
 #0: stdout all=warning uptime,level,tags foldmultilines=false
 #1: stderr all=off uptime,level,tags foldmultilines=false

Environment Variables:
PATH=C:\ProgramData\Oracle\Java\javapath;C:\Program Files\Common Files\Oracle\Java\javapath;C:\Windows\system32;C:\Windows;C:\Windows\System32\Wbem;C:\Windows\System32\WindowsPowerShell\v1.0\;C:\Windows\System32\OpenSSH\;C:\Program Files\MATLAB\R2022b\runtime\win64;C:\Program Files\MATLAB\R2022b\bin;C:\Program Files\dotnet\;C:\Program Files\Git\cmd;C:\Users\Leisder\AppData\Local\Programs\Python\Launcher\;C:\Users\Leisder\AppData\Local\Microsoft\WindowsApps;C:\Users\Leisder\AppData\Local\Programs\Microsoft VS Code\bin;C:\Users\Leisder\.dotnet\tools;C:\Users\Leisder\AppData\Local\GitHubDesktop\bin;C:\Users\Leisder\AppData\Local\Programs\Python\Python312;C:\Users\Leisder\AppData\Local\Packages\PythonSoftwareFoundation.Python.3.12_qbz5n2kfra8p0\LocalCache\local-packages\Python312\Scripts;
USERNAME=Leisder
OS=Windows_NT
PROCESSOR_IDENTIFIER=Intel64 Family 6 Model 78 Stepping 3, GenuineIntel
TMP=C:\Users\Leisder\AppData\Local\Temp
TEMP=C:\Users\Leisder\AppData\Local\Temp




Periodic native trim disabled

---------------  S Y S T E M  ---------------

OS:
 Windows 10 , 64 bit Build 19041 (10.0.19041.4597)
OS uptime: 10 days 18:34 hours

CPU: total 4 (initial active 4) (2 cores per cpu, 2 threads per core) family 6 model 78 stepping 3 microcode 0xcc, cx8, cmov, fxsr, ht, mmx, 3dnowpref, sse, sse2, sse3, ssse3, sse4.1, sse4.2, popcnt, lzcnt, tsc, tscinvbit, avx, avx2, aes, erms, clmul, bmi1, bmi2, rtm, adx, fma, vzeroupper, clflush, clflushopt, rdtscp, f16c
Processor Information for all 4 processors :
  Max Mhz: 2301, Current Mhz: 2300, Mhz Limit: 2277

Memory: 4k page, system-wide physical 16204M (4804M free)
TotalPageFile size 41131M (AvailPageFile size 0M)
current process WorkingSet (physical memory assigned to process): 86M, peak: 86M
current process commit charge ("private bytes"): 356M, peak: 356M

vm_info: Java HotSpot(TM) 64-Bit Server VM (22+36-2370) for windows-amd64 JRE (22+36-2370), built on 2024-02-15T22:15:19Z by "mach5one" with MS VC++ 17.6 (VS2022)

END.
